{"/Users/jaekyungcho/memoq-clone/src/adapters/index.ts": {"path":"/Users/jaekyungcho/memoq-clone/src/adapters/index.ts","all":false,"statementMap":{"0":{"start":{"line":1,"column":0},"end":{"line":1,"column":3}},"1":{"start":{"line":2,"column":0},"end":{"line":2,"column":23}},"2":{"start":{"line":3,"column":0},"end":{"line":3,"column":2}},"3":{"start":{"line":4,"column":0},"end":{"line":4,"column":73}},"4":{"start":{"line":5,"column":0},"end":{"line":5,"column":68}},"5":{"start":{"line":6,"column":0},"end":{"line":6,"column":2}},"6":{"start":{"line":7,"column":0},"end":{"line":7,"column":46}},"7":{"start":{"line":8,"column":0},"end":{"line":8,"column":2}},"8":{"start":{"line":9,"column":0},"end":{"line":9,"column":25}},"9":{"start":{"line":10,"column":0},"end":{"line":10,"column":59}},"10":{"start":{"line":11,"column":0},"end":{"line":11,"column":59}},"11":{"start":{"line":12,"column":0},"end":{"line":12,"column":3}},"12":{"start":{"line":13,"column":0},"end":{"line":13,"column":0}},"13":{"start":{"line":14,"column":0},"end":{"line":14,"column":39}},"14":{"start":{"line":15,"column":0},"end":{"line":15,"column":101}},"15":{"start":{"line":16,"column":0},"end":{"line":16,"column":52}},"16":{"start":{"line":17,"column":0},"end":{"line":17,"column":0}},"17":{"start":{"line":18,"column":0},"end":{"line":18,"column":98}},"18":{"start":{"line":19,"column":0},"end":{"line":19,"column":0}},"19":{"start":{"line":20,"column":0},"end":{"line":20,"column":36}},"20":{"start":{"line":21,"column":0},"end":{"line":21,"column":64}},"21":{"start":{"line":22,"column":0},"end":{"line":22,"column":1}},"22":{"start":{"line":23,"column":0},"end":{"line":23,"column":0}},"23":{"start":{"line":24,"column":0},"end":{"line":24,"column":74}},"24":{"start":{"line":25,"column":0},"end":{"line":25,"column":0}},"25":{"start":{"line":26,"column":0},"end":{"line":26,"column":3}},"26":{"start":{"line":27,"column":0},"end":{"line":27,"column":74}},"27":{"start":{"line":28,"column":0},"end":{"line":28,"column":2}},"28":{"start":{"line":29,"column":0},"end":{"line":29,"column":77}},"29":{"start":{"line":30,"column":0},"end":{"line":30,"column":44}},"30":{"start":{"line":31,"column":0},"end":{"line":31,"column":74}},"31":{"start":{"line":32,"column":0},"end":{"line":32,"column":43}},"32":{"start":{"line":33,"column":0},"end":{"line":33,"column":3}},"33":{"start":{"line":34,"column":0},"end":{"line":34,"column":54}},"34":{"start":{"line":35,"column":0},"end":{"line":35,"column":18}},"35":{"start":{"line":36,"column":0},"end":{"line":36,"column":61}},"36":{"start":{"line":37,"column":0},"end":{"line":37,"column":29}},"37":{"start":{"line":38,"column":0},"end":{"line":38,"column":3}},"38":{"start":{"line":39,"column":0},"end":{"line":39,"column":31}},"39":{"start":{"line":40,"column":0},"end":{"line":40,"column":1}},"40":{"start":{"line":41,"column":0},"end":{"line":41,"column":0}},"41":{"start":{"line":42,"column":0},"end":{"line":42,"column":3}},"42":{"start":{"line":43,"column":0},"end":{"line":43,"column":55}},"43":{"start":{"line":44,"column":0},"end":{"line":44,"column":57}},"44":{"start":{"line":45,"column":0},"end":{"line":45,"column":3}},"45":{"start":{"line":46,"column":0},"end":{"line":46,"column":57}},"46":{"start":{"line":47,"column":0},"end":{"line":47,"column":27}},"47":{"start":{"line":48,"column":0},"end":{"line":48,"column":36}},"48":{"start":{"line":49,"column":0},"end":{"line":49,"column":1}}},"s":{"0":1,"1":1,"2":1,"3":1,"4":1,"5":1,"6":1,"7":1,"8":1,"9":1,"10":1,"11":1,"12":1,"13":1,"14":1,"15":1,"16":1,"17":1,"18":1,"19":1,"20":12,"21":12,"22":1,"23":1,"24":1,"25":1,"26":1,"27":1,"28":1,"29":1,"30":1,"31":1,"32":1,"33":1,"34":5,"35":2,"36":2,"37":2,"38":3,"39":3,"40":1,"41":1,"42":1,"43":1,"44":1,"45":1,"46":0,"47":0,"48":0},"branchMap":{"0":{"type":"branch","line":24,"loc":{"start":{"line":24,"column":44},"end":{"line":24,"column":63}},"locations":[{"start":{"line":24,"column":44},"end":{"line":24,"column":63}}]},"1":{"type":"branch","line":24,"loc":{"start":{"line":24,"column":48},"end":{"line":24,"column":74}},"locations":[{"start":{"line":24,"column":48},"end":{"line":24,"column":74}}]},"2":{"type":"branch","line":20,"loc":{"start":{"line":20,"column":7},"end":{"line":22,"column":1}},"locations":[{"start":{"line":20,"column":7},"end":{"line":22,"column":1}}]},"3":{"type":"branch","line":34,"loc":{"start":{"line":34,"column":7},"end":{"line":40,"column":1}},"locations":[{"start":{"line":34,"column":7},"end":{"line":40,"column":1}}]},"4":{"type":"branch","line":35,"loc":{"start":{"line":35,"column":17},"end":{"line":38,"column":3}},"locations":[{"start":{"line":35,"column":17},"end":{"line":38,"column":3}}]},"5":{"type":"branch","line":37,"loc":{"start":{"line":37,"column":11},"end":{"line":37,"column":29}},"locations":[{"start":{"line":37,"column":11},"end":{"line":37,"column":29}}]},"6":{"type":"branch","line":38,"loc":{"start":{"line":38,"column":2},"end":{"line":40,"column":1}},"locations":[{"start":{"line":38,"column":2},"end":{"line":40,"column":1}}]}},"b":{"0":[2],"1":[3],"2":[12],"3":[5],"4":[2],"5":[1],"6":[3]},"fnMap":{"0":{"name":"isTauri","decl":{"start":{"line":20,"column":7},"end":{"line":22,"column":1}},"loc":{"start":{"line":20,"column":7},"end":{"line":22,"column":1}},"line":20},"1":{"name":"fileRefFromDrop","decl":{"start":{"line":34,"column":7},"end":{"line":40,"column":1}},"loc":{"start":{"line":34,"column":7},"end":{"line":40,"column":1}},"line":34},"2":{"name":"projectWsUrl","decl":{"start":{"line":46,"column":7},"end":{"line":49,"column":1}},"loc":{"start":{"line":46,"column":7},"end":{"line":49,"column":1}},"line":46}},"f":{"0":12,"1":5,"2":0}}
,"/Users/jaekyungcho/memoq-clone/src/components/TbPanel/TbPanel.tsx": {"path":"/Users/jaekyungcho/memoq-clone/src/components/TbPanel/TbPanel.tsx","all":false,"statementMap":{"0":{"start":{"line":1,"column":0},"end":{"line":1,"column":44}},"1":{"start":{"line":2,"column":0},"end":{"line":2,"column":60}},"2":{"start":{"line":3,"column":0},"end":{"line":3,"column":50}},"3":{"start":{"line":4,"column":0},"end":{"line":4,"column":41}},"4":{"start":{"line":5,"column":0},"end":{"line":5,"column":43}},"5":{"start":{"line":6,"column":0},"end":{"line":6,"column":0}},"6":{"start":{"line":7,"column":0},"end":{"line":7,"column":27}},"7":{"start":{"line":8,"column":0},"end":{"line":8,"column":61}},"8":{"start":{"line":9,"column":0},"end":{"line":9,"column":74}},"9":{"start":{"line":10,"column":0},"end":{"line":10,"column":56}},"10":{"start":{"line":11,"column":0},"end":{"line":11,"column":50}},"11":{"start":{"line":12,"column":0},"end":{"line":12,"column":43}},"12":{"start":{"line":13,"column":0},"end":{"line":13,"column":56}},"13":{"start":{"line":14,"column":0},"end":{"line":14,"column":49}},"14":{"start":{"line":15,"column":0},"end":{"line":15,"column":49}},"15":{"start":{"line":16,"column":0},"end":{"line":16,"column":47}},"16":{"start":{"line":17,"column":0},"end":{"line":17,"column":58}},"17":{"start":{"line":18,"column":0},"end":{"line":18,"column":0}},"18":{"start":{"line":19,"column":0},"end":{"line":19,"column":64}},"19":{"start":{"line":20,"column":0},"end":{"line":20,"column":0}},"20":{"start":{"line":21,"column":0},"end":{"line":21,"column":50}},"21":{"start":{"line":22,"column":0},"end":{"line":22,"column":19}},"22":{"start":{"line":23,"column":0},"end":{"line":23,"column":33}},"23":{"start":{"line":24,"column":0},"end":{"line":24,"column":44}},"24":{"start":{"line":25,"column":0},"end":{"line":25,"column":40}},"25":{"start":{"line":26,"column":0},"end":{"line":26,"column":37}},"26":{"start":{"line":27,"column":0},"end":{"line":27,"column":5}},"27":{"start":{"line":28,"column":0},"end":{"line":28,"column":20}},"28":{"start":{"line":29,"column":0},"end":{"line":29,"column":0}},"29":{"start":{"line":30,"column":0},"end":{"line":30,"column":44}},"30":{"start":{"line":31,"column":0},"end":{"line":31,"column":19}},"31":{"start":{"line":32,"column":0},"end":{"line":32,"column":53}},"32":{"start":{"line":33,"column":0},"end":{"line":33,"column":21}},"33":{"start":{"line":34,"column":0},"end":{"line":34,"column":13}},"34":{"start":{"line":35,"column":0},"end":{"line":35,"column":5}},"35":{"start":{"line":36,"column":0},"end":{"line":36,"column":22}},"36":{"start":{"line":37,"column":0},"end":{"line":37,"column":23}},"37":{"start":{"line":38,"column":0},"end":{"line":38,"column":34}},"38":{"start":{"line":39,"column":0},"end":{"line":39,"column":37}},"39":{"start":{"line":40,"column":0},"end":{"line":40,"column":6}},"40":{"start":{"line":41,"column":0},"end":{"line":41,"column":26}},"41":{"start":{"line":42,"column":0},"end":{"line":42,"column":28}},"42":{"start":{"line":43,"column":0},"end":{"line":43,"column":37}},"43":{"start":{"line":44,"column":0},"end":{"line":44,"column":8}},"44":{"start":{"line":45,"column":0},"end":{"line":45,"column":20}},"45":{"start":{"line":46,"column":0},"end":{"line":46,"column":23}},"46":{"start":{"line":47,"column":0},"end":{"line":47,"column":32}},"47":{"start":{"line":48,"column":0},"end":{"line":48,"column":9}},"48":{"start":{"line":49,"column":0},"end":{"line":49,"column":52}},"49":{"start":{"line":50,"column":0},"end":{"line":50,"column":0}},"50":{"start":{"line":51,"column":0},"end":{"line":51,"column":38}},"51":{"start":{"line":52,"column":0},"end":{"line":52,"column":31}},"52":{"start":{"line":53,"column":0},"end":{"line":53,"column":9}},"53":{"start":{"line":54,"column":0},"end":{"line":54,"column":55}},"54":{"start":{"line":55,"column":0},"end":{"line":55,"column":24}},"55":{"start":{"line":56,"column":0},"end":{"line":56,"column":20}},"56":{"start":{"line":57,"column":0},"end":{"line":57,"column":25}},"57":{"start":{"line":58,"column":0},"end":{"line":58,"column":17}},"58":{"start":{"line":59,"column":0},"end":{"line":59,"column":47}},"59":{"start":{"line":60,"column":0},"end":{"line":60,"column":5}},"60":{"start":{"line":61,"column":0},"end":{"line":61,"column":4}},"61":{"start":{"line":62,"column":0},"end":{"line":62,"column":0}},"62":{"start":{"line":63,"column":0},"end":{"line":63,"column":37}},"63":{"start":{"line":64,"column":0},"end":{"line":64,"column":82}},"64":{"start":{"line":65,"column":0},"end":{"line":65,"column":9}},"65":{"start":{"line":66,"column":0},"end":{"line":66,"column":28}},"66":{"start":{"line":67,"column":0},"end":{"line":67,"column":19}},"67":{"start":{"line":68,"column":0},"end":{"line":68,"column":25}},"68":{"start":{"line":69,"column":0},"end":{"line":69,"column":25}},"69":{"start":{"line":70,"column":0},"end":{"line":70,"column":27}},"70":{"start":{"line":71,"column":0},"end":{"line":71,"column":27}},"71":{"start":{"line":72,"column":0},"end":{"line":72,"column":17}},"72":{"start":{"line":73,"column":0},"end":{"line":73,"column":21}},"73":{"start":{"line":74,"column":0},"end":{"line":74,"column":8}},"74":{"start":{"line":75,"column":0},"end":{"line":75,"column":23}},"75":{"start":{"line":76,"column":0},"end":{"line":76,"column":23}},"76":{"start":{"line":77,"column":0},"end":{"line":77,"column":22}},"77":{"start":{"line":78,"column":0},"end":{"line":78,"column":29}},"78":{"start":{"line":79,"column":0},"end":{"line":79,"column":28}},"79":{"start":{"line":80,"column":0},"end":{"line":80,"column":16}},"80":{"start":{"line":81,"column":0},"end":{"line":81,"column":27}},"81":{"start":{"line":82,"column":0},"end":{"line":82,"column":46}},"82":{"start":{"line":83,"column":0},"end":{"line":83,"column":27}},"83":{"start":{"line":84,"column":0},"end":{"line":84,"column":38}},"84":{"start":{"line":85,"column":0},"end":{"line":85,"column":41}},"85":{"start":{"line":86,"column":0},"end":{"line":86,"column":11}},"86":{"start":{"line":87,"column":0},"end":{"line":87,"column":26}},"87":{"start":{"line":88,"column":0},"end":{"line":88,"column":7}},"88":{"start":{"line":89,"column":0},"end":{"line":89,"column":17}},"89":{"start":{"line":90,"column":0},"end":{"line":90,"column":46}},"90":{"start":{"line":91,"column":0},"end":{"line":91,"column":5}},"91":{"start":{"line":92,"column":0},"end":{"line":92,"column":4}},"92":{"start":{"line":93,"column":0},"end":{"line":93,"column":0}},"93":{"start":{"line":94,"column":0},"end":{"line":94,"column":10}},"94":{"start":{"line":95,"column":0},"end":{"line":95,"column":30}},"95":{"start":{"line":96,"column":0},"end":{"line":96,"column":36}},"96":{"start":{"line":97,"column":0},"end":{"line":97,"column":26}},"97":{"start":{"line":98,"column":0},"end":{"line":98,"column":39}},"98":{"start":{"line":99,"column":0},"end":{"line":99,"column":17}},"99":{"start":{"line":100,"column":0},"end":{"line":100,"column":33}},"100":{"start":{"line":101,"column":0},"end":{"line":101,"column":53}},"101":{"start":{"line":102,"column":0},"end":{"line":102,"column":27}},"102":{"start":{"line":103,"column":0},"end":{"line":103,"column":11}},"103":{"start":{"line":104,"column":0},"end":{"line":104,"column":16}},"104":{"start":{"line":105,"column":0},"end":{"line":105,"column":19}},"105":{"start":{"line":106,"column":0},"end":{"line":106,"column":17}},"106":{"start":{"line":107,"column":0},"end":{"line":107,"column":45}},"107":{"start":{"line":108,"column":0},"end":{"line":108,"column":50}},"108":{"start":{"line":109,"column":0},"end":{"line":109,"column":28}},"109":{"start":{"line":110,"column":0},"end":{"line":110,"column":11}},"110":{"start":{"line":111,"column":0},"end":{"line":111,"column":16}},"111":{"start":{"line":112,"column":0},"end":{"line":112,"column":19}},"112":{"start":{"line":113,"column":0},"end":{"line":113,"column":14}},"113":{"start":{"line":114,"column":0},"end":{"line":114,"column":12}},"114":{"start":{"line":115,"column":0},"end":{"line":115,"column":0}},"115":{"start":{"line":116,"column":0},"end":{"line":116,"column":20}},"116":{"start":{"line":117,"column":0},"end":{"line":117,"column":37}},"117":{"start":{"line":118,"column":0},"end":{"line":118,"column":16}},"118":{"start":{"line":119,"column":0},"end":{"line":119,"column":23}},"119":{"start":{"line":120,"column":0},"end":{"line":120,"column":26}},"120":{"start":{"line":121,"column":0},"end":{"line":121,"column":55}},"121":{"start":{"line":122,"column":0},"end":{"line":122,"column":31}},"122":{"start":{"line":123,"column":0},"end":{"line":123,"column":68}},"123":{"start":{"line":124,"column":0},"end":{"line":124,"column":21}},"124":{"start":{"line":125,"column":0},"end":{"line":125,"column":12}},"125":{"start":{"line":126,"column":0},"end":{"line":126,"column":77}},"126":{"start":{"line":127,"column":0},"end":{"line":127,"column":98}},"127":{"start":{"line":128,"column":0},"end":{"line":128,"column":14}},"128":{"start":{"line":129,"column":0},"end":{"line":129,"column":8}},"129":{"start":{"line":130,"column":0},"end":{"line":130,"column":0}},"130":{"start":{"line":131,"column":0},"end":{"line":131,"column":23}},"131":{"start":{"line":132,"column":0},"end":{"line":132,"column":39}},"132":{"start":{"line":133,"column":0},"end":{"line":133,"column":16}},"133":{"start":{"line":134,"column":0},"end":{"line":134,"column":23}},"134":{"start":{"line":135,"column":0},"end":{"line":135,"column":29}},"135":{"start":{"line":136,"column":0},"end":{"line":136,"column":58}},"136":{"start":{"line":137,"column":0},"end":{"line":137,"column":31}},"137":{"start":{"line":138,"column":0},"end":{"line":138,"column":12}},"138":{"start":{"line":139,"column":0},"end":{"line":139,"column":16}},"139":{"start":{"line":140,"column":0},"end":{"line":140,"column":23}},"140":{"start":{"line":141,"column":0},"end":{"line":141,"column":29}},"141":{"start":{"line":142,"column":0},"end":{"line":142,"column":58}},"142":{"start":{"line":143,"column":0},"end":{"line":143,"column":31}},"143":{"start":{"line":144,"column":0},"end":{"line":144,"column":12}},"144":{"start":{"line":145,"column":0},"end":{"line":145,"column":16}},"145":{"start":{"line":146,"column":0},"end":{"line":146,"column":23}},"146":{"start":{"line":147,"column":0},"end":{"line":147,"column":28}},"147":{"start":{"line":148,"column":0},"end":{"line":148,"column":57}},"148":{"start":{"line":149,"column":0},"end":{"line":149,"column":33}},"149":{"start":{"line":150,"column":0},"end":{"line":150,"column":12}},"150":{"start":{"line":151,"column":0},"end":{"line":151,"column":45}},"151":{"start":{"line":152,"column":0},"end":{"line":152,"column":18}},"152":{"start":{"line":153,"column":0},"end":{"line":153,"column":29}},"153":{"start":{"line":154,"column":0},"end":{"line":154,"column":36}},"154":{"start":{"line":155,"column":0},"end":{"line":155,"column":65}},"155":{"start":{"line":156,"column":0},"end":{"line":156,"column":14}},"156":{"start":{"line":157,"column":0},"end":{"line":157,"column":15}},"157":{"start":{"line":158,"column":0},"end":{"line":158,"column":18}},"158":{"start":{"line":159,"column":0},"end":{"line":159,"column":40}},"159":{"start":{"line":160,"column":0},"end":{"line":160,"column":77}},"160":{"start":{"line":161,"column":0},"end":{"line":161,"column":103}},"161":{"start":{"line":162,"column":0},"end":{"line":162,"column":16}},"162":{"start":{"line":163,"column":0},"end":{"line":163,"column":14}},"163":{"start":{"line":164,"column":0},"end":{"line":164,"column":8}},"164":{"start":{"line":165,"column":0},"end":{"line":165,"column":0}},"165":{"start":{"line":166,"column":0},"end":{"line":166,"column":31}},"166":{"start":{"line":167,"column":0},"end":{"line":167,"column":41}},"167":{"start":{"line":168,"column":0},"end":{"line":168,"column":11}},"168":{"start":{"line":169,"column":0},"end":{"line":169,"column":28}},"169":{"start":{"line":170,"column":0},"end":{"line":170,"column":83}},"170":{"start":{"line":171,"column":0},"end":{"line":171,"column":63}},"171":{"start":{"line":172,"column":0},"end":{"line":172,"column":44}},"172":{"start":{"line":173,"column":0},"end":{"line":173,"column":63}},"173":{"start":{"line":174,"column":0},"end":{"line":174,"column":73}},"174":{"start":{"line":175,"column":0},"end":{"line":175,"column":70}},"175":{"start":{"line":176,"column":0},"end":{"line":176,"column":16}},"176":{"start":{"line":177,"column":0},"end":{"line":177,"column":10}},"177":{"start":{"line":178,"column":0},"end":{"line":178,"column":8}},"178":{"start":{"line":179,"column":0},"end":{"line":179,"column":10}},"179":{"start":{"line":180,"column":0},"end":{"line":180,"column":4}},"180":{"start":{"line":181,"column":0},"end":{"line":181,"column":1}}},"s":{"0":1,"1":1,"2":1,"3":1,"4":1,"5":1,"6":1,"7":63,"8":63,"9":63,"10":63,"11":63,"12":63,"13":63,"14":63,"15":63,"16":63,"17":63,"18":63,"19":63,"20":63,"21":63,"22":19,"23":2,"24":2,"25":2,"26":2,"27":63,"28":63,"29":63,"30":63,"31":21,"32":11,"33":11,"34":11,"35":10,"36":10,"37":10,"38":10,"39":10,"40":10,"41":10,"42":10,"43":10,"44":10,"45":0,"46":0,"47":10,"48":63,"49":63,"50":63,"51":2,"52":1,"53":1,"54":1,"55":1,"56":1,"57":2,"58":0,"59":0,"60":2,"61":63,"62":63,"63":1,"64":1,"65":1,"66":1,"67":1,"68":1,"69":1,"70":1,"71":1,"72":1,"73":1,"74":1,"75":1,"76":1,"77":1,"78":1,"79":1,"80":1,"81":1,"82":1,"83":1,"84":1,"85":1,"86":1,"87":1,"88":1,"89":0,"90":0,"91":1,"92":63,"93":63,"94":63,"95":63,"96":63,"97":63,"98":63,"99":63,"100":63,"101":63,"102":63,"103":63,"104":63,"105":63,"106":63,"107":63,"108":63,"109":63,"110":63,"111":63,"112":63,"113":63,"114":63,"115":63,"116":5,"117":5,"118":5,"119":5,"120":5,"121":5,"122":5,"123":5,"124":5,"125":5,"126":5,"127":5,"128":63,"129":63,"130":63,"131":5,"132":5,"133":5,"134":5,"135":5,"136":5,"137":5,"138":5,"139":5,"140":5,"141":5,"142":5,"143":5,"144":5,"145":5,"146":5,"147":5,"148":5,"149":5,"150":5,"151":5,"152":5,"153":5,"154":5,"155":5,"156":5,"157":5,"158":5,"159":5,"160":5,"161":5,"162":5,"163":63,"164":63,"165":63,"166":56,"167":7,"168":7,"169":14,"170":14,"171":14,"172":14,"173":14,"174":14,"175":14,"176":7,"177":63,"178":63,"179":63,"180":63},"branchMap":{"0":{"type":"branch","line":7,"loc":{"start":{"line":7,"column":7},"end":{"line":181,"column":1}},"locations":[{"start":{"line":7,"column":7},"end":{"line":181,"column":1}}]},"1":{"type":"branch","line":19,"loc":{"start":{"line":19,"column":25},"end":{"line":19,"column":43}},"locations":[{"start":{"line":19,"column":25},"end":{"line":19,"column":43}}]},"2":{"type":"branch","line":28,"loc":{"start":{"line":28,"column":6},"end":{"line":28,"column":17}},"locations":[{"start":{"line":28,"column":6},"end":{"line":28,"column":17}}]},"3":{"type":"branch","line":49,"loc":{"start":{"line":49,"column":18},"end":{"line":49,"column":38}},"locations":[{"start":{"line":49,"column":18},"end":{"line":49,"column":38}}]},"4":{"type":"branch","line":49,"loc":{"start":{"line":49,"column":38},"end":{"line":49,"column":49}},"locations":[{"start":{"line":49,"column":38},"end":{"line":49,"column":49}}]},"5":{"type":"branch","line":116,"loc":{"start":{"line":116,"column":7},"end":{"line":128,"column":14}},"locations":[{"start":{"line":116,"column":7},"end":{"line":128,"column":14}}]},"6":{"type":"branch","line":131,"loc":{"start":{"line":131,"column":7},"end":{"line":163,"column":14}},"locations":[{"start":{"line":131,"column":7},"end":{"line":163,"column":14}}]},"7":{"type":"branch","line":166,"loc":{"start":{"line":166,"column":26},"end":{"line":167,"column":41}},"locations":[{"start":{"line":166,"column":26},"end":{"line":167,"column":41}}]},"8":{"type":"branch","line":167,"loc":{"start":{"line":167,"column":37},"end":{"line":177,"column":10}},"locations":[{"start":{"line":167,"column":37},"end":{"line":177,"column":10}}]},"9":{"type":"branch","line":22,"loc":{"start":{"line":22,"column":12},"end":{"line":28,"column":5}},"locations":[{"start":{"line":22,"column":12},"end":{"line":28,"column":5}}]},"10":{"type":"branch","line":23,"loc":{"start":{"line":23,"column":9},"end":{"line":23,"column":32}},"locations":[{"start":{"line":23,"column":9},"end":{"line":23,"column":32}}]},"11":{"type":"branch","line":23,"loc":{"start":{"line":23,"column":32},"end":{"line":27,"column":5}},"locations":[{"start":{"line":23,"column":32},"end":{"line":27,"column":5}}]},"12":{"type":"branch","line":25,"loc":{"start":{"line":25,"column":14},"end":{"line":25,"column":39}},"locations":[{"start":{"line":25,"column":14},"end":{"line":25,"column":39}}]},"13":{"type":"branch","line":31,"loc":{"start":{"line":31,"column":12},"end":{"line":49,"column":5}},"locations":[{"start":{"line":31,"column":12},"end":{"line":49,"column":5}}]},"14":{"type":"branch","line":32,"loc":{"start":{"line":32,"column":9},"end":{"line":32,"column":42}},"locations":[{"start":{"line":32,"column":9},"end":{"line":32,"column":42}}]},"15":{"type":"branch","line":32,"loc":{"start":{"line":32,"column":24},"end":{"line":32,"column":52}},"locations":[{"start":{"line":32,"column":24},"end":{"line":32,"column":52}}]},"16":{"type":"branch","line":32,"loc":{"start":{"line":32,"column":52},"end":{"line":35,"column":5}},"locations":[{"start":{"line":32,"column":52},"end":{"line":35,"column":5}}]},"17":{"type":"branch","line":35,"loc":{"start":{"line":35,"column":4},"end":{"line":48,"column":9}},"locations":[{"start":{"line":35,"column":4},"end":{"line":48,"column":9}}]},"18":{"type":"branch","line":41,"loc":{"start":{"line":41,"column":12},"end":{"line":44,"column":7}},"locations":[{"start":{"line":41,"column":12},"end":{"line":44,"column":7}}]},"19":{"type":"branch","line":51,"loc":{"start":{"line":51,"column":25},"end":{"line":61,"column":4}},"locations":[{"start":{"line":51,"column":25},"end":{"line":61,"column":4}}]},"20":{"type":"branch","line":52,"loc":{"start":{"line":52,"column":24},"end":{"line":58,"column":13}},"locations":[{"start":{"line":52,"column":24},"end":{"line":58,"column":13}}]},"21":{"type":"branch","line":58,"loc":{"start":{"line":58,"column":4},"end":{"line":60,"column":5}},"locations":[{"start":{"line":58,"column":4},"end":{"line":60,"column":5}}]},"22":{"type":"branch","line":63,"loc":{"start":{"line":63,"column":24},"end":{"line":92,"column":4}},"locations":[{"start":{"line":63,"column":24},"end":{"line":92,"column":4}}]},"23":{"type":"branch","line":64,"loc":{"start":{"line":64,"column":75},"end":{"line":64,"column":82}},"locations":[{"start":{"line":64,"column":75},"end":{"line":64,"column":82}}]},"24":{"type":"branch","line":89,"loc":{"start":{"line":89,"column":4},"end":{"line":91,"column":5}},"locations":[{"start":{"line":89,"column":4},"end":{"line":91,"column":5}}]},"25":{"type":"branch","line":101,"loc":{"start":{"line":101,"column":21},"end":{"line":101,"column":53}},"locations":[{"start":{"line":101,"column":21},"end":{"line":101,"column":53}}]},"26":{"type":"branch","line":101,"loc":{"start":{"line":101,"column":42},"end":{"line":101,"column":51}},"locations":[{"start":{"line":101,"column":42},"end":{"line":101,"column":51}}]},"27":{"type":"branch","line":108,"loc":{"start":{"line":108,"column":21},"end":{"line":108,"column":50}},"locations":[{"start":{"line":108,"column":21},"end":{"line":108,"column":50}}]},"28":{"type":"branch","line":108,"loc":{"start":{"line":108,"column":39},"end":{"line":108,"column":48}},"locations":[{"start":{"line":108,"column":39},"end":{"line":108,"column":48}}]},"29":{"type":"branch","line":121,"loc":{"start":{"line":121,"column":22},"end":{"line":121,"column":55}},"locations":[{"start":{"line":121,"column":22},"end":{"line":121,"column":55}}]},"30":{"type":"branch","line":127,"loc":{"start":{"line":127,"column":61},"end":{"line":127,"column":87}},"locations":[{"start":{"line":127,"column":61},"end":{"line":127,"column":87}}]},"31":{"type":"branch","line":136,"loc":{"start":{"line":136,"column":22},"end":{"line":136,"column":58}},"locations":[{"start":{"line":136,"column":22},"end":{"line":136,"column":58}}]},"32":{"type":"branch","line":142,"loc":{"start":{"line":142,"column":22},"end":{"line":142,"column":58}},"locations":[{"start":{"line":142,"column":22},"end":{"line":142,"column":58}}]},"33":{"type":"branch","line":161,"loc":{"start":{"line":161,"column":63},"end":{"line":161,"column":92}},"locations":[{"start":{"line":161,"column":63},"end":{"line":161,"column":92}}]},"34":{"type":"branch","line":169,"loc":{"start":{"line":169,"column":20},"end":{"line":176,"column":16}},"locations":[{"start":{"line":169,"column":20},"end":{"line":176,"column":16}}]},"35":{"type":"branch","line":170,"loc":{"start":{"line":170,"column":51},"end":{"line":170,"column":77}},"locations":[{"start":{"line":170,"column":51},"end":{"line":170,"column":77}}]},"36":{"type":"branch","line":170,"loc":{"start":{"line":170,"column":63},"end":{"line":170,"column":79}},"locations":[{"start":{"line":170,"column":63},"end":{"line":170,"column":79}}]},"37":{"type":"branch","line":174,"loc":{"start":{"line":174,"column":15},"end":{"line":174,"column":73}},"locations":[{"start":{"line":174,"column":15},"end":{"line":174,"column":73}}]},"38":{"type":"branch","line":175,"loc":{"start":{"line":175,"column":15},"end":{"line":175,"column":70}},"locations":[{"start":{"line":175,"column":15},"end":{"line":175,"column":70}}]}},"b":{"0":[63],"1":[38],"2":[38],"3":[38],"4":[38],"5":[5],"6":[5],"7":[56],"8":[7],"9":[19],"10":[11],"11":[2],"12":[2],"13":[21],"14":[10],"15":[10],"16":[11],"17":[10],"18":[10],"19":[2],"20":[1],"21":[0],"22":[1],"23":[0],"24":[0],"25":[3],"26":[3],"27":[4],"28":[4],"29":[1],"30":[1],"31":[1],"32":[1],"33":[1],"34":[14],"35":[5],"36":[9],"37":[5],"38":[10]},"fnMap":{"0":{"name":"TbPanel","decl":{"start":{"line":7,"column":7},"end":{"line":181,"column":1}},"loc":{"start":{"line":7,"column":7},"end":{"line":181,"column":1}},"line":7},"1":{"name":"handleCreateTb","decl":{"start":{"line":51,"column":25},"end":{"line":61,"column":4}},"loc":{"start":{"line":51,"column":25},"end":{"line":61,"column":4}},"line":51},"2":{"name":"handleAddTerm","decl":{"start":{"line":63,"column":24},"end":{"line":92,"column":4}},"loc":{"start":{"line":63,"column":24},"end":{"line":92,"column":4}},"line":63},"3":{"name":"onClick","decl":{"start":{"line":101,"column":21},"end":{"line":101,"column":53}},"loc":{"start":{"line":101,"column":21},"end":{"line":101,"column":53}},"line":101},"4":{"name":"onClick","decl":{"start":{"line":108,"column":21},"end":{"line":108,"column":50}},"loc":{"start":{"line":108,"column":21},"end":{"line":108,"column":50}},"line":108},"5":{"name":"onChange","decl":{"start":{"line":121,"column":22},"end":{"line":121,"column":55}},"loc":{"start":{"line":121,"column":22},"end":{"line":121,"column":55}},"line":121},"6":{"name":"onKeyDown","decl":{"start":{"line":123,"column":23},"end":{"line":123,"column":68}},"loc":{"start":{"line":123,"column":23},"end":{"line":123,"column":68}},"line":123},"7":{"name":"onClick","decl":{"start":{"line":127,"column":61},"end":{"line":127,"column":87}},"loc":{"start":{"line":127,"column":61},"end":{"line":127,"column":87}},"line":127},"8":{"name":"onChange","decl":{"start":{"line":136,"column":22},"end":{"line":136,"column":58}},"loc":{"start":{"line":136,"column":22},"end":{"line":136,"column":58}},"line":136},"9":{"name":"onChange","decl":{"start":{"line":142,"column":22},"end":{"line":142,"column":58}},"loc":{"start":{"line":142,"column":22},"end":{"line":142,"column":58}},"line":142},"10":{"name":"onChange","decl":{"start":{"line":148,"column":22},"end":{"line":148,"column":57}},"loc":{"start":{"line":148,"column":22},"end":{"line":148,"column":57}},"line":148},"11":{"name":"onChange","decl":{"start":{"line":155,"column":24},"end":{"line":155,"column":65}},"loc":{"start":{"line":155,"column":24},"end":{"line":155,"column":65}},"line":155},"12":{"name":"onClick","decl":{"start":{"line":161,"column":63},"end":{"line":161,"column":92}},"loc":{"start":{"line":161,"column":63},"end":{"line":161,"column":92}},"line":161}},"f":{"0":63,"1":2,"2":1,"3":3,"4":4,"5":1,"6":0,"7":1,"8":1,"9":1,"10":0,"11":0,"12":1}}
,"/Users/jaekyungcho/memoq-clone/src/components/TmPanel/TmPanel.tsx": {"path":"/Users/jaekyungcho/memoq-clone/src/components/TmPanel/TmPanel.tsx","all":false,"statementMap":{"0":{"start":{"line":1,"column":0},"end":{"line":1,"column":44}},"1":{"start":{"line":2,"column":0},"end":{"line":2,"column":60}},"2":{"start":{"line":3,"column":0},"end":{"line":3,"column":50}},"3":{"start":{"line":4,"column":0},"end":{"line":4,"column":50}},"4":{"start":{"line":5,"column":0},"end":{"line":5,"column":41}},"5":{"start":{"line":6,"column":0},"end":{"line":6,"column":68}},"6":{"start":{"line":7,"column":0},"end":{"line":7,"column":0}},"7":{"start":{"line":8,"column":0},"end":{"line":8,"column":42}},"8":{"start":{"line":9,"column":0},"end":{"line":9,"column":0}},"9":{"start":{"line":10,"column":0},"end":{"line":10,"column":27}},"10":{"start":{"line":11,"column":0},"end":{"line":11,"column":76}},"11":{"start":{"line":12,"column":0},"end":{"line":12,"column":74}},"12":{"start":{"line":13,"column":0},"end":{"line":13,"column":68}},"13":{"start":{"line":14,"column":0},"end":{"line":14,"column":56}},"14":{"start":{"line":15,"column":0},"end":{"line":15,"column":50}},"15":{"start":{"line":16,"column":0},"end":{"line":16,"column":43}},"16":{"start":{"line":17,"column":0},"end":{"line":17,"column":46}},"17":{"start":{"line":18,"column":0},"end":{"line":18,"column":62}},"18":{"start":{"line":19,"column":0},"end":{"line":19,"column":66}},"19":{"start":{"line":20,"column":0},"end":{"line":20,"column":52}},"20":{"start":{"line":21,"column":0},"end":{"line":21,"column":78}},"21":{"start":{"line":22,"column":0},"end":{"line":22,"column":64}},"22":{"start":{"line":23,"column":0},"end":{"line":23,"column":0}},"23":{"start":{"line":24,"column":0},"end":{"line":24,"column":64}},"24":{"start":{"line":25,"column":0},"end":{"line":25,"column":0}},"25":{"start":{"line":26,"column":0},"end":{"line":26,"column":68}},"26":{"start":{"line":27,"column":0},"end":{"line":27,"column":19}},"27":{"start":{"line":28,"column":0},"end":{"line":28,"column":33}},"28":{"start":{"line":29,"column":0},"end":{"line":29,"column":74}},"29":{"start":{"line":30,"column":0},"end":{"line":30,"column":75}},"30":{"start":{"line":31,"column":0},"end":{"line":31,"column":40}},"31":{"start":{"line":32,"column":0},"end":{"line":32,"column":37}},"32":{"start":{"line":33,"column":0},"end":{"line":33,"column":5}},"33":{"start":{"line":34,"column":0},"end":{"line":34,"column":20}},"34":{"start":{"line":35,"column":0},"end":{"line":35,"column":0}},"35":{"start":{"line":36,"column":0},"end":{"line":36,"column":43}},"36":{"start":{"line":37,"column":0},"end":{"line":37,"column":19}},"37":{"start":{"line":38,"column":0},"end":{"line":38,"column":53}},"38":{"start":{"line":39,"column":0},"end":{"line":39,"column":21}},"39":{"start":{"line":40,"column":0},"end":{"line":40,"column":13}},"40":{"start":{"line":41,"column":0},"end":{"line":41,"column":5}},"41":{"start":{"line":42,"column":0},"end":{"line":42,"column":22}},"42":{"start":{"line":43,"column":0},"end":{"line":43,"column":23}},"43":{"start":{"line":44,"column":0},"end":{"line":44,"column":35}},"44":{"start":{"line":45,"column":0},"end":{"line":45,"column":37}},"45":{"start":{"line":46,"column":0},"end":{"line":46,"column":37}},"46":{"start":{"line":47,"column":0},"end":{"line":47,"column":20}},"47":{"start":{"line":48,"column":0},"end":{"line":48,"column":6}},"48":{"start":{"line":49,"column":0},"end":{"line":49,"column":26}},"49":{"start":{"line":50,"column":0},"end":{"line":50,"column":28}},"50":{"start":{"line":51,"column":0},"end":{"line":51,"column":37}},"51":{"start":{"line":52,"column":0},"end":{"line":52,"column":8}},"52":{"start":{"line":53,"column":0},"end":{"line":53,"column":20}},"53":{"start":{"line":54,"column":0},"end":{"line":54,"column":23}},"54":{"start":{"line":55,"column":0},"end":{"line":55,"column":32}},"55":{"start":{"line":56,"column":0},"end":{"line":56,"column":9}},"56":{"start":{"line":57,"column":0},"end":{"line":57,"column":52}},"57":{"start":{"line":58,"column":0},"end":{"line":58,"column":0}},"58":{"start":{"line":59,"column":0},"end":{"line":59,"column":47}},"59":{"start":{"line":60,"column":0},"end":{"line":60,"column":19}},"60":{"start":{"line":61,"column":0},"end":{"line":61,"column":26}},"61":{"start":{"line":62,"column":0},"end":{"line":62,"column":24}},"62":{"start":{"line":63,"column":0},"end":{"line":63,"column":13}},"63":{"start":{"line":64,"column":0},"end":{"line":64,"column":5}},"64":{"start":{"line":65,"column":0},"end":{"line":65,"column":48}},"65":{"start":{"line":66,"column":0},"end":{"line":66,"column":24}},"66":{"start":{"line":67,"column":0},"end":{"line":67,"column":27}},"67":{"start":{"line":68,"column":0},"end":{"line":68,"column":0}},"68":{"start":{"line":69,"column":0},"end":{"line":69,"column":66}},"69":{"start":{"line":70,"column":0},"end":{"line":70,"column":19}},"70":{"start":{"line":71,"column":0},"end":{"line":71,"column":69}},"71":{"start":{"line":72,"column":0},"end":{"line":72,"column":29}},"72":{"start":{"line":73,"column":0},"end":{"line":73,"column":13}},"73":{"start":{"line":74,"column":0},"end":{"line":74,"column":5}},"74":{"start":{"line":75,"column":0},"end":{"line":75,"column":29}},"75":{"start":{"line":76,"column":0},"end":{"line":76,"column":35}},"76":{"start":{"line":77,"column":0},"end":{"line":77,"column":29}},"77":{"start":{"line":78,"column":0},"end":{"line":78,"column":41}},"78":{"start":{"line":79,"column":0},"end":{"line":79,"column":42}},"79":{"start":{"line":80,"column":0},"end":{"line":80,"column":27}},"80":{"start":{"line":81,"column":0},"end":{"line":81,"column":70}},"81":{"start":{"line":82,"column":0},"end":{"line":82,"column":49}},"82":{"start":{"line":83,"column":0},"end":{"line":83,"column":11}},"83":{"start":{"line":84,"column":0},"end":{"line":84,"column":10}},"84":{"start":{"line":85,"column":0},"end":{"line":85,"column":64}},"85":{"start":{"line":86,"column":0},"end":{"line":86,"column":8}},"86":{"start":{"line":87,"column":0},"end":{"line":87,"column":31}},"87":{"start":{"line":88,"column":0},"end":{"line":88,"column":42}},"88":{"start":{"line":89,"column":0},"end":{"line":89,"column":48}},"89":{"start":{"line":90,"column":0},"end":{"line":90,"column":38}},"90":{"start":{"line":91,"column":0},"end":{"line":91,"column":0}},"91":{"start":{"line":92,"column":0},"end":{"line":92,"column":42}},"92":{"start":{"line":93,"column":0},"end":{"line":93,"column":32}},"93":{"start":{"line":94,"column":0},"end":{"line":94,"column":66}},"94":{"start":{"line":95,"column":0},"end":{"line":95,"column":4}},"95":{"start":{"line":96,"column":0},"end":{"line":96,"column":0}},"96":{"start":{"line":97,"column":0},"end":{"line":97,"column":38}},"97":{"start":{"line":98,"column":0},"end":{"line":98,"column":43}},"98":{"start":{"line":99,"column":0},"end":{"line":99,"column":9}},"99":{"start":{"line":100,"column":0},"end":{"line":100,"column":95}},"100":{"start":{"line":101,"column":0},"end":{"line":101,"column":24}},"101":{"start":{"line":102,"column":0},"end":{"line":102,"column":20}},"102":{"start":{"line":103,"column":0},"end":{"line":103,"column":25}},"103":{"start":{"line":104,"column":0},"end":{"line":104,"column":17}},"104":{"start":{"line":105,"column":0},"end":{"line":105,"column":47}},"105":{"start":{"line":106,"column":0},"end":{"line":106,"column":5}},"106":{"start":{"line":107,"column":0},"end":{"line":107,"column":4}},"107":{"start":{"line":108,"column":0},"end":{"line":108,"column":0}},"108":{"start":{"line":109,"column":0},"end":{"line":109,"column":37}},"109":{"start":{"line":110,"column":0},"end":{"line":110,"column":59}},"110":{"start":{"line":111,"column":0},"end":{"line":111,"column":46}},"111":{"start":{"line":112,"column":0},"end":{"line":112,"column":20}},"112":{"start":{"line":113,"column":0},"end":{"line":113,"column":9}},"113":{"start":{"line":114,"column":0},"end":{"line":114,"column":28}},"114":{"start":{"line":115,"column":0},"end":{"line":115,"column":19}},"115":{"start":{"line":116,"column":0},"end":{"line":116,"column":30}},"116":{"start":{"line":117,"column":0},"end":{"line":117,"column":30}},"117":{"start":{"line":118,"column":0},"end":{"line":118,"column":27}},"118":{"start":{"line":119,"column":0},"end":{"line":119,"column":27}},"119":{"start":{"line":120,"column":0},"end":{"line":120,"column":8}},"120":{"start":{"line":121,"column":0},"end":{"line":121,"column":24}},"121":{"start":{"line":122,"column":0},"end":{"line":122,"column":44}},"122":{"start":{"line":123,"column":0},"end":{"line":123,"column":25}},"123":{"start":{"line":124,"column":0},"end":{"line":124,"column":37}},"124":{"start":{"line":125,"column":0},"end":{"line":125,"column":39}},"125":{"start":{"line":126,"column":0},"end":{"line":126,"column":39}},"126":{"start":{"line":127,"column":0},"end":{"line":127,"column":22}},"127":{"start":{"line":128,"column":0},"end":{"line":128,"column":9}},"128":{"start":{"line":129,"column":0},"end":{"line":129,"column":24}},"129":{"start":{"line":130,"column":0},"end":{"line":130,"column":17}},"130":{"start":{"line":131,"column":0},"end":{"line":131,"column":47}},"131":{"start":{"line":132,"column":0},"end":{"line":132,"column":15}},"132":{"start":{"line":133,"column":0},"end":{"line":133,"column":23}},"133":{"start":{"line":134,"column":0},"end":{"line":134,"column":5}},"134":{"start":{"line":135,"column":0},"end":{"line":135,"column":4}},"135":{"start":{"line":136,"column":0},"end":{"line":136,"column":0}},"136":{"start":{"line":137,"column":0},"end":{"line":137,"column":37}},"137":{"start":{"line":138,"column":0},"end":{"line":138,"column":57}},"138":{"start":{"line":139,"column":0},"end":{"line":139,"column":31}},"139":{"start":{"line":140,"column":0},"end":{"line":140,"column":23}},"140":{"start":{"line":141,"column":0},"end":{"line":141,"column":9}},"141":{"start":{"line":142,"column":0},"end":{"line":142,"column":48}},"142":{"start":{"line":143,"column":0},"end":{"line":143,"column":38}},"143":{"start":{"line":144,"column":0},"end":{"line":144,"column":39}},"144":{"start":{"line":145,"column":0},"end":{"line":145,"column":39}},"145":{"start":{"line":146,"column":0},"end":{"line":146,"column":17}},"146":{"start":{"line":147,"column":0},"end":{"line":147,"column":15}},"147":{"start":{"line":148,"column":0},"end":{"line":148,"column":9}},"148":{"start":{"line":149,"column":0},"end":{"line":149,"column":45}},"149":{"start":{"line":150,"column":0},"end":{"line":150,"column":26}},"150":{"start":{"line":151,"column":0},"end":{"line":151,"column":13}},"151":{"start":{"line":152,"column":0},"end":{"line":152,"column":33}},"152":{"start":{"line":153,"column":0},"end":{"line":153,"column":15}},"153":{"start":{"line":154,"column":0},"end":{"line":154,"column":26}},"154":{"start":{"line":155,"column":0},"end":{"line":155,"column":5}},"155":{"start":{"line":156,"column":0},"end":{"line":156,"column":4}},"156":{"start":{"line":157,"column":0},"end":{"line":157,"column":0}},"157":{"start":{"line":158,"column":0},"end":{"line":158,"column":10}},"158":{"start":{"line":159,"column":0},"end":{"line":159,"column":53}},"159":{"start":{"line":160,"column":0},"end":{"line":160,"column":36}},"160":{"start":{"line":161,"column":0},"end":{"line":161,"column":36}},"161":{"start":{"line":162,"column":0},"end":{"line":162,"column":17}},"162":{"start":{"line":163,"column":0},"end":{"line":163,"column":73}},"163":{"start":{"line":164,"column":0},"end":{"line":164,"column":46}},"164":{"start":{"line":165,"column":0},"end":{"line":165,"column":11}},"165":{"start":{"line":166,"column":0},"end":{"line":166,"column":14}},"166":{"start":{"line":167,"column":0},"end":{"line":167,"column":19}},"167":{"start":{"line":168,"column":0},"end":{"line":168,"column":17}},"168":{"start":{"line":169,"column":0},"end":{"line":169,"column":73}},"169":{"start":{"line":170,"column":0},"end":{"line":170,"column":46}},"170":{"start":{"line":171,"column":0},"end":{"line":171,"column":11}},"171":{"start":{"line":172,"column":0},"end":{"line":172,"column":14}},"172":{"start":{"line":173,"column":0},"end":{"line":173,"column":19}},"173":{"start":{"line":174,"column":0},"end":{"line":174,"column":17}},"174":{"start":{"line":175,"column":0},"end":{"line":175,"column":79}},"175":{"start":{"line":176,"column":0},"end":{"line":176,"column":52}},"176":{"start":{"line":177,"column":0},"end":{"line":177,"column":11}},"177":{"start":{"line":178,"column":0},"end":{"line":178,"column":20}},"178":{"start":{"line":179,"column":0},"end":{"line":179,"column":19}},"179":{"start":{"line":180,"column":0},"end":{"line":180,"column":14}},"180":{"start":{"line":181,"column":0},"end":{"line":181,"column":39}},"181":{"start":{"line":182,"column":0},"end":{"line":182,"column":60}},"182":{"start":{"line":183,"column":0},"end":{"line":183,"column":19}},"183":{"start":{"line":184,"column":0},"end":{"line":184,"column":35}},"184":{"start":{"line":185,"column":0},"end":{"line":185,"column":37}},"185":{"start":{"line":186,"column":0},"end":{"line":186,"column":31}},"186":{"start":{"line":187,"column":0},"end":{"line":187,"column":37}},"187":{"start":{"line":188,"column":0},"end":{"line":188,"column":13}},"188":{"start":{"line":189,"column":0},"end":{"line":189,"column":39}},"189":{"start":{"line":190,"column":0},"end":{"line":190,"column":21}},"190":{"start":{"line":191,"column":0},"end":{"line":191,"column":12}},"191":{"start":{"line":192,"column":0},"end":{"line":192,"column":34}},"192":{"start":{"line":193,"column":0},"end":{"line":193,"column":19}},"193":{"start":{"line":194,"column":0},"end":{"line":194,"column":47}},"194":{"start":{"line":195,"column":0},"end":{"line":195,"column":52}},"195":{"start":{"line":196,"column":0},"end":{"line":196,"column":30}},"196":{"start":{"line":197,"column":0},"end":{"line":197,"column":13}},"197":{"start":{"line":198,"column":0},"end":{"line":198,"column":18}},"198":{"start":{"line":199,"column":0},"end":{"line":199,"column":21}},"199":{"start":{"line":200,"column":0},"end":{"line":200,"column":12}},"200":{"start":{"line":201,"column":0},"end":{"line":201,"column":14}},"201":{"start":{"line":202,"column":0},"end":{"line":202,"column":12}},"202":{"start":{"line":203,"column":0},"end":{"line":203,"column":0}},"203":{"start":{"line":204,"column":0},"end":{"line":204,"column":30}},"204":{"start":{"line":205,"column":0},"end":{"line":205,"column":10}},"205":{"start":{"line":206,"column":0},"end":{"line":206,"column":24}},"206":{"start":{"line":207,"column":0},"end":{"line":207,"column":41}},"207":{"start":{"line":208,"column":0},"end":{"line":208,"column":20}},"208":{"start":{"line":209,"column":0},"end":{"line":209,"column":27}},"209":{"start":{"line":210,"column":0},"end":{"line":210,"column":30}},"210":{"start":{"line":211,"column":0},"end":{"line":211,"column":59}},"211":{"start":{"line":212,"column":0},"end":{"line":212,"column":35}},"212":{"start":{"line":213,"column":0},"end":{"line":213,"column":72}},"213":{"start":{"line":214,"column":0},"end":{"line":214,"column":25}},"214":{"start":{"line":215,"column":0},"end":{"line":215,"column":16}},"215":{"start":{"line":216,"column":0},"end":{"line":216,"column":81}},"216":{"start":{"line":217,"column":0},"end":{"line":217,"column":102}},"217":{"start":{"line":218,"column":0},"end":{"line":218,"column":18}},"218":{"start":{"line":219,"column":0},"end":{"line":219,"column":12}},"219":{"start":{"line":220,"column":0},"end":{"line":220,"column":0}},"220":{"start":{"line":221,"column":0},"end":{"line":221,"column":35}},"221":{"start":{"line":222,"column":0},"end":{"line":222,"column":75}},"222":{"start":{"line":223,"column":0},"end":{"line":223,"column":15}},"223":{"start":{"line":224,"column":0},"end":{"line":224,"column":35}},"224":{"start":{"line":225,"column":0},"end":{"line":225,"column":108}},"225":{"start":{"line":226,"column":0},"end":{"line":226,"column":79}},"226":{"start":{"line":227,"column":0},"end":{"line":227,"column":62}},"227":{"start":{"line":228,"column":0},"end":{"line":228,"column":62}},"228":{"start":{"line":229,"column":0},"end":{"line":229,"column":20}},"229":{"start":{"line":230,"column":0},"end":{"line":230,"column":14}},"230":{"start":{"line":231,"column":0},"end":{"line":231,"column":12}},"231":{"start":{"line":232,"column":0},"end":{"line":232,"column":11}},"232":{"start":{"line":233,"column":0},"end":{"line":233,"column":8}},"233":{"start":{"line":234,"column":0},"end":{"line":234,"column":0}},"234":{"start":{"line":235,"column":0},"end":{"line":235,"column":36}},"235":{"start":{"line":236,"column":0},"end":{"line":236,"column":38}},"236":{"start":{"line":237,"column":0},"end":{"line":237,"column":30}},"237":{"start":{"line":238,"column":0},"end":{"line":238,"column":54}},"238":{"start":{"line":239,"column":0},"end":{"line":239,"column":33}},"239":{"start":{"line":240,"column":0},"end":{"line":240,"column":53}},"240":{"start":{"line":241,"column":0},"end":{"line":241,"column":46}},"241":{"start":{"line":242,"column":0},"end":{"line":242,"column":56}},"242":{"start":{"line":243,"column":0},"end":{"line":243,"column":15}},"243":{"start":{"line":244,"column":0},"end":{"line":244,"column":43}},"244":{"start":{"line":245,"column":0},"end":{"line":245,"column":87}},"245":{"start":{"line":246,"column":0},"end":{"line":246,"column":79}},"246":{"start":{"line":247,"column":0},"end":{"line":247,"column":64}},"247":{"start":{"line":248,"column":0},"end":{"line":248,"column":81}},"248":{"start":{"line":249,"column":0},"end":{"line":249,"column":20}},"249":{"start":{"line":250,"column":0},"end":{"line":250,"column":14}},"250":{"start":{"line":251,"column":0},"end":{"line":251,"column":12}},"251":{"start":{"line":252,"column":0},"end":{"line":252,"column":14}},"252":{"start":{"line":253,"column":0},"end":{"line":253,"column":8}},"253":{"start":{"line":254,"column":0},"end":{"line":254,"column":0}},"254":{"start":{"line":255,"column":0},"end":{"line":255,"column":30}},"255":{"start":{"line":256,"column":0},"end":{"line":256,"column":32}},"256":{"start":{"line":257,"column":0},"end":{"line":257,"column":29}},"257":{"start":{"line":258,"column":0},"end":{"line":258,"column":63}},"258":{"start":{"line":259,"column":0},"end":{"line":259,"column":27}},"259":{"start":{"line":260,"column":0},"end":{"line":260,"column":53}},"260":{"start":{"line":261,"column":0},"end":{"line":261,"column":26}},"261":{"start":{"line":262,"column":0},"end":{"line":262,"column":16}},"262":{"start":{"line":263,"column":0},"end":{"line":263,"column":43}},"263":{"start":{"line":264,"column":0},"end":{"line":264,"column":57}},"264":{"start":{"line":265,"column":0},"end":{"line":265,"column":29}},"265":{"start":{"line":266,"column":0},"end":{"line":266,"column":13}},"266":{"start":{"line":267,"column":0},"end":{"line":267,"column":91}},"267":{"start":{"line":268,"column":0},"end":{"line":268,"column":67}},"268":{"start":{"line":269,"column":0},"end":{"line":269,"column":67}},"269":{"start":{"line":270,"column":0},"end":{"line":270,"column":18}},"270":{"start":{"line":271,"column":0},"end":{"line":271,"column":15}},"271":{"start":{"line":272,"column":0},"end":{"line":272,"column":42}},"272":{"start":{"line":273,"column":0},"end":{"line":273,"column":52}},"273":{"start":{"line":274,"column":0},"end":{"line":274,"column":68}},"274":{"start":{"line":275,"column":0},"end":{"line":275,"column":26}},"275":{"start":{"line":276,"column":0},"end":{"line":276,"column":23}},"276":{"start":{"line":277,"column":0},"end":{"line":277,"column":18}},"277":{"start":{"line":278,"column":0},"end":{"line":278,"column":12}},"278":{"start":{"line":279,"column":0},"end":{"line":279,"column":14}},"279":{"start":{"line":280,"column":0},"end":{"line":280,"column":8}},"280":{"start":{"line":281,"column":0},"end":{"line":281,"column":10}},"281":{"start":{"line":282,"column":0},"end":{"line":282,"column":4}},"282":{"start":{"line":283,"column":0},"end":{"line":283,"column":1}}},"s":{"0":1,"1":1,"2":1,"3":1,"4":1,"5":1,"6":1,"7":1,"8":1,"9":1,"10":95,"11":95,"12":95,"13":95,"14":95,"15":95,"16":95,"17":95,"18":95,"19":95,"20":95,"21":95,"22":95,"23":95,"24":95,"25":95,"26":95,"27":20,"28":7,"29":7,"30":7,"31":7,"32":7,"33":95,"34":95,"35":95,"36":95,"37":27,"38":14,"39":14,"40":14,"41":13,"42":13,"43":13,"44":13,"45":13,"46":13,"47":13,"48":13,"49":13,"50":13,"51":13,"52":13,"53":0,"54":0,"55":13,"56":95,"57":95,"58":95,"59":95,"60":20,"61":7,"62":7,"63":7,"64":13,"65":13,"66":95,"67":95,"68":95,"69":95,"70":26,"71":21,"72":21,"73":21,"74":5,"75":5,"76":5,"77":5,"78":4,"79":4,"80":6,"81":6,"82":4,"83":4,"84":4,"85":5,"86":5,"87":5,"88":5,"89":95,"90":95,"91":95,"92":3,"93":3,"94":3,"95":95,"96":95,"97":2,"98":1,"99":1,"100":1,"101":1,"102":1,"103":2,"104":0,"105":0,"106":2,"107":95,"108":95,"109":1,"110":1,"111":1,"112":1,"113":1,"114":1,"115":1,"116":1,"117":1,"118":1,"119":1,"120":1,"121":1,"122":1,"123":1,"124":1,"125":1,"126":1,"127":1,"128":1,"129":1,"130":0,"131":1,"132":1,"133":1,"134":1,"135":95,"136":95,"137":0,"138":0,"139":0,"140":0,"141":0,"142":0,"143":0,"144":0,"145":0,"146":0,"147":0,"148":0,"149":0,"150":0,"151":0,"152":0,"153":0,"154":0,"155":0,"156":95,"157":95,"158":95,"159":95,"160":95,"161":95,"162":95,"163":95,"164":95,"165":95,"166":95,"167":95,"168":95,"169":95,"170":95,"171":95,"172":95,"173":95,"174":95,"175":95,"176":95,"177":95,"178":95,"179":95,"180":95,"181":95,"182":10,"183":10,"184":10,"185":10,"186":10,"187":10,"188":10,"189":10,"190":95,"191":95,"192":64,"193":64,"194":64,"195":64,"196":64,"197":64,"198":64,"199":95,"200":95,"201":95,"202":95,"203":95,"204":64,"205":64,"206":5,"207":5,"208":5,"209":5,"210":5,"211":5,"212":5,"213":5,"214":5,"215":5,"216":5,"217":5,"218":64,"219":64,"220":64,"221":58,"222":6,"223":6,"224":12,"225":12,"226":12,"227":12,"228":12,"229":6,"230":64,"231":64,"232":95,"233":95,"234":95,"235":30,"236":30,"237":2,"238":28,"239":18,"240":10,"241":7,"242":3,"243":3,"244":6,"245":6,"246":6,"247":6,"248":6,"249":3,"250":30,"251":30,"252":95,"253":95,"254":95,"255":0,"256":0,"257":0,"258":0,"259":0,"260":0,"261":0,"262":0,"263":0,"264":0,"265":0,"266":0,"267":0,"268":0,"269":0,"270":0,"271":0,"272":0,"273":0,"274":0,"275":0,"276":0,"277":0,"278":0,"279":95,"280":95,"281":95,"282":95},"branchMap":{"0":{"type":"branch","line":10,"loc":{"start":{"line":10,"column":7},"end":{"line":283,"column":1}},"locations":[{"start":{"line":10,"column":7},"end":{"line":283,"column":1}}]},"1":{"type":"branch","line":24,"loc":{"start":{"line":24,"column":25},"end":{"line":24,"column":43}},"locations":[{"start":{"line":24,"column":25},"end":{"line":24,"column":43}}]},"2":{"type":"branch","line":34,"loc":{"start":{"line":34,"column":6},"end":{"line":34,"column":17}},"locations":[{"start":{"line":34,"column":6},"end":{"line":34,"column":17}}]},"3":{"type":"branch","line":57,"loc":{"start":{"line":57,"column":18},"end":{"line":57,"column":38}},"locations":[{"start":{"line":57,"column":18},"end":{"line":57,"column":38}}]},"4":{"type":"branch","line":57,"loc":{"start":{"line":57,"column":38},"end":{"line":57,"column":49}},"locations":[{"start":{"line":57,"column":38},"end":{"line":57,"column":49}}]},"5":{"type":"branch","line":67,"loc":{"start":{"line":67,"column":6},"end":{"line":67,"column":24}},"locations":[{"start":{"line":67,"column":6},"end":{"line":67,"column":24}}]},"6":{"type":"branch","line":90,"loc":{"start":{"line":90,"column":17},"end":{"line":90,"column":35}},"locations":[{"start":{"line":90,"column":17},"end":{"line":90,"column":35}}]},"7":{"type":"branch","line":163,"loc":{"start":{"line":163,"column":49},"end":{"line":163,"column":68}},"locations":[{"start":{"line":163,"column":49},"end":{"line":163,"column":68}}]},"8":{"type":"branch","line":163,"loc":{"start":{"line":163,"column":56},"end":{"line":163,"column":70}},"locations":[{"start":{"line":163,"column":56},"end":{"line":163,"column":70}}]},"9":{"type":"branch","line":169,"loc":{"start":{"line":169,"column":49},"end":{"line":169,"column":68}},"locations":[{"start":{"line":169,"column":49},"end":{"line":169,"column":68}}]},"10":{"type":"branch","line":169,"loc":{"start":{"line":169,"column":56},"end":{"line":169,"column":70}},"locations":[{"start":{"line":169,"column":56},"end":{"line":169,"column":70}}]},"11":{"type":"branch","line":175,"loc":{"start":{"line":175,"column":49},"end":{"line":175,"column":74}},"locations":[{"start":{"line":175,"column":49},"end":{"line":175,"column":74}}]},"12":{"type":"branch","line":175,"loc":{"start":{"line":175,"column":62},"end":{"line":175,"column":76}},"locations":[{"start":{"line":175,"column":62},"end":{"line":175,"column":76}}]},"13":{"type":"branch","line":182,"loc":{"start":{"line":182,"column":25},"end":{"line":182,"column":60}},"locations":[{"start":{"line":182,"column":25},"end":{"line":182,"column":60}}]},"14":{"type":"branch","line":182,"loc":{"start":{"line":182,"column":33},"end":{"line":182,"column":60}},"locations":[{"start":{"line":182,"column":33},"end":{"line":182,"column":60}}]},"15":{"type":"branch","line":182,"loc":{"start":{"line":182,"column":49},"end":{"line":190,"column":21}},"locations":[{"start":{"line":182,"column":49},"end":{"line":190,"column":21}}]},"16":{"type":"branch","line":189,"loc":{"start":{"line":189,"column":15},"end":{"line":189,"column":32}},"locations":[{"start":{"line":189,"column":15},"end":{"line":189,"column":32}}]},"17":{"type":"branch","line":189,"loc":{"start":{"line":189,"column":24},"end":{"line":189,"column":39}},"locations":[{"start":{"line":189,"column":24},"end":{"line":189,"column":39}}]},"18":{"type":"branch","line":192,"loc":{"start":{"line":192,"column":25},"end":{"line":199,"column":21}},"locations":[{"start":{"line":192,"column":25},"end":{"line":199,"column":21}}]},"19":{"type":"branch","line":204,"loc":{"start":{"line":204,"column":21},"end":{"line":232,"column":11}},"locations":[{"start":{"line":204,"column":21},"end":{"line":232,"column":11}}]},"20":{"type":"branch","line":206,"loc":{"start":{"line":206,"column":11},"end":{"line":218,"column":18}},"locations":[{"start":{"line":206,"column":11},"end":{"line":218,"column":18}}]},"21":{"type":"branch","line":221,"loc":{"start":{"line":221,"column":30},"end":{"line":222,"column":75}},"locations":[{"start":{"line":221,"column":30},"end":{"line":222,"column":75}}]},"22":{"type":"branch","line":222,"loc":{"start":{"line":222,"column":71},"end":{"line":230,"column":14}},"locations":[{"start":{"line":222,"column":71},"end":{"line":230,"column":14}}]},"23":{"type":"branch","line":235,"loc":{"start":{"line":235,"column":21},"end":{"line":252,"column":14}},"locations":[{"start":{"line":235,"column":21},"end":{"line":252,"column":14}}]},"24":{"type":"branch","line":237,"loc":{"start":{"line":237,"column":12},"end":{"line":238,"column":54}},"locations":[{"start":{"line":237,"column":12},"end":{"line":238,"column":54}}]},"25":{"type":"branch","line":238,"loc":{"start":{"line":238,"column":50},"end":{"line":250,"column":14}},"locations":[{"start":{"line":238,"column":50},"end":{"line":250,"column":14}}]},"26":{"type":"branch","line":239,"loc":{"start":{"line":239,"column":14},"end":{"line":240,"column":53}},"locations":[{"start":{"line":239,"column":14},"end":{"line":240,"column":53}}]},"27":{"type":"branch","line":240,"loc":{"start":{"line":240,"column":49},"end":{"line":250,"column":14}},"locations":[{"start":{"line":240,"column":49},"end":{"line":250,"column":14}}]},"28":{"type":"branch","line":241,"loc":{"start":{"line":241,"column":41},"end":{"line":242,"column":56}},"locations":[{"start":{"line":241,"column":41},"end":{"line":242,"column":56}}]},"29":{"type":"branch","line":242,"loc":{"start":{"line":242,"column":52},"end":{"line":250,"column":14}},"locations":[{"start":{"line":242,"column":52},"end":{"line":250,"column":14}}]},"30":{"type":"branch","line":255,"loc":{"start":{"line":255,"column":21},"end":{"line":279,"column":14}},"locations":[{"start":{"line":255,"column":21},"end":{"line":279,"column":14}}]},"31":{"type":"branch","line":27,"loc":{"start":{"line":27,"column":12},"end":{"line":34,"column":5}},"locations":[{"start":{"line":27,"column":12},"end":{"line":34,"column":5}}]},"32":{"type":"branch","line":28,"loc":{"start":{"line":28,"column":9},"end":{"line":28,"column":32}},"locations":[{"start":{"line":28,"column":9},"end":{"line":28,"column":32}}]},"33":{"type":"branch","line":28,"loc":{"start":{"line":28,"column":32},"end":{"line":33,"column":5}},"locations":[{"start":{"line":28,"column":32},"end":{"line":33,"column":5}}]},"34":{"type":"branch","line":31,"loc":{"start":{"line":31,"column":14},"end":{"line":31,"column":39}},"locations":[{"start":{"line":31,"column":14},"end":{"line":31,"column":39}}]},"35":{"type":"branch","line":37,"loc":{"start":{"line":37,"column":12},"end":{"line":57,"column":5}},"locations":[{"start":{"line":37,"column":12},"end":{"line":57,"column":5}}]},"36":{"type":"branch","line":38,"loc":{"start":{"line":38,"column":9},"end":{"line":38,"column":42}},"locations":[{"start":{"line":38,"column":9},"end":{"line":38,"column":42}}]},"37":{"type":"branch","line":38,"loc":{"start":{"line":38,"column":24},"end":{"line":38,"column":52}},"locations":[{"start":{"line":38,"column":24},"end":{"line":38,"column":52}}]},"38":{"type":"branch","line":38,"loc":{"start":{"line":38,"column":52},"end":{"line":41,"column":5}},"locations":[{"start":{"line":38,"column":52},"end":{"line":41,"column":5}}]},"39":{"type":"branch","line":41,"loc":{"start":{"line":41,"column":4},"end":{"line":56,"column":9}},"locations":[{"start":{"line":41,"column":4},"end":{"line":56,"column":9}}]},"40":{"type":"branch","line":49,"loc":{"start":{"line":49,"column":12},"end":{"line":52,"column":7}},"locations":[{"start":{"line":49,"column":12},"end":{"line":52,"column":7}}]},"41":{"type":"branch","line":60,"loc":{"start":{"line":60,"column":12},"end":{"line":67,"column":5}},"locations":[{"start":{"line":60,"column":12},"end":{"line":67,"column":5}}]},"42":{"type":"branch","line":61,"loc":{"start":{"line":61,"column":25},"end":{"line":64,"column":5}},"locations":[{"start":{"line":61,"column":25},"end":{"line":64,"column":5}}]},"43":{"type":"branch","line":64,"loc":{"start":{"line":64,"column":4},"end":{"line":66,"column":24}},"locations":[{"start":{"line":64,"column":4},"end":{"line":66,"column":24}}]},"44":{"type":"branch","line":70,"loc":{"start":{"line":70,"column":12},"end":{"line":90,"column":5}},"locations":[{"start":{"line":70,"column":12},"end":{"line":90,"column":5}}]},"45":{"type":"branch","line":71,"loc":{"start":{"line":71,"column":22},"end":{"line":71,"column":68}},"locations":[{"start":{"line":71,"column":22},"end":{"line":71,"column":68}}]},"46":{"type":"branch","line":71,"loc":{"start":{"line":71,"column":37},"end":{"line":71,"column":60}},"locations":[{"start":{"line":71,"column":37},"end":{"line":71,"column":60}}]},"47":{"type":"branch","line":71,"loc":{"start":{"line":71,"column":68},"end":{"line":74,"column":5}},"locations":[{"start":{"line":71,"column":68},"end":{"line":74,"column":5}}]},"48":{"type":"branch","line":74,"loc":{"start":{"line":74,"column":4},"end":{"line":89,"column":48}},"locations":[{"start":{"line":74,"column":4},"end":{"line":89,"column":48}}]},"49":{"type":"branch","line":77,"loc":{"start":{"line":77,"column":12},"end":{"line":86,"column":7}},"locations":[{"start":{"line":77,"column":12},"end":{"line":86,"column":7}}]},"50":{"type":"branch","line":78,"loc":{"start":{"line":78,"column":31},"end":{"line":78,"column":41}},"locations":[{"start":{"line":78,"column":31},"end":{"line":78,"column":41}}]},"51":{"type":"branch","line":78,"loc":{"start":{"line":78,"column":39},"end":{"line":85,"column":64}},"locations":[{"start":{"line":78,"column":39},"end":{"line":85,"column":64}}]},"52":{"type":"branch","line":80,"loc":{"start":{"line":80,"column":19},"end":{"line":82,"column":49}},"locations":[{"start":{"line":80,"column":19},"end":{"line":82,"column":49}}]},"53":{"type":"branch","line":85,"loc":{"start":{"line":85,"column":35},"end":{"line":85,"column":62}},"locations":[{"start":{"line":85,"column":35},"end":{"line":85,"column":62}}]},"54":{"type":"branch","line":89,"loc":{"start":{"line":89,"column":15},"end":{"line":89,"column":46}},"locations":[{"start":{"line":89,"column":15},"end":{"line":89,"column":46}}]},"55":{"type":"branch","line":92,"loc":{"start":{"line":92,"column":21},"end":{"line":95,"column":4}},"locations":[{"start":{"line":92,"column":21},"end":{"line":95,"column":4}}]},"56":{"type":"branch","line":93,"loc":{"start":{"line":93,"column":25},"end":{"line":93,"column":32}},"locations":[{"start":{"line":93,"column":25},"end":{"line":93,"column":32}}]},"57":{"type":"branch","line":97,"loc":{"start":{"line":97,"column":25},"end":{"line":107,"column":4}},"locations":[{"start":{"line":97,"column":25},"end":{"line":107,"column":4}}]},"58":{"type":"branch","line":98,"loc":{"start":{"line":98,"column":21},"end":{"line":98,"column":36}},"locations":[{"start":{"line":98,"column":21},"end":{"line":98,"column":36}}]},"59":{"type":"branch","line":98,"loc":{"start":{"line":98,"column":36},"end":{"line":104,"column":13}},"locations":[{"start":{"line":98,"column":36},"end":{"line":104,"column":13}}]},"60":{"type":"branch","line":104,"loc":{"start":{"line":104,"column":4},"end":{"line":106,"column":5}},"locations":[{"start":{"line":104,"column":4},"end":{"line":106,"column":5}}]},"61":{"type":"branch","line":109,"loc":{"start":{"line":109,"column":24},"end":{"line":135,"column":4}},"locations":[{"start":{"line":109,"column":24},"end":{"line":135,"column":4}}]},"62":{"type":"branch","line":110,"loc":{"start":{"line":110,"column":52},"end":{"line":110,"column":59}},"locations":[{"start":{"line":110,"column":52},"end":{"line":110,"column":59}}]},"63":{"type":"branch","line":111,"loc":{"start":{"line":111,"column":39},"end":{"line":111,"column":46}},"locations":[{"start":{"line":111,"column":39},"end":{"line":111,"column":46}}]},"64":{"type":"branch","line":130,"loc":{"start":{"line":130,"column":4},"end":{"line":132,"column":6}},"locations":[{"start":{"line":130,"column":4},"end":{"line":132,"column":6}}]},"65":{"type":"branch","line":176,"loc":{"start":{"line":176,"column":21},"end":{"line":176,"column":52}},"locations":[{"start":{"line":176,"column":21},"end":{"line":176,"column":52}}]},"66":{"type":"branch","line":195,"loc":{"start":{"line":195,"column":23},"end":{"line":195,"column":52}},"locations":[{"start":{"line":195,"column":23},"end":{"line":195,"column":52}}]},"67":{"type":"branch","line":195,"loc":{"start":{"line":195,"column":41},"end":{"line":195,"column":50}},"locations":[{"start":{"line":195,"column":41},"end":{"line":195,"column":50}}]},"68":{"type":"branch","line":211,"loc":{"start":{"line":211,"column":26},"end":{"line":211,"column":59}},"locations":[{"start":{"line":211,"column":26},"end":{"line":211,"column":59}}]},"69":{"type":"branch","line":217,"loc":{"start":{"line":217,"column":65},"end":{"line":217,"column":91}},"locations":[{"start":{"line":217,"column":65},"end":{"line":217,"column":91}}]},"70":{"type":"branch","line":224,"loc":{"start":{"line":224,"column":24},"end":{"line":229,"column":20}},"locations":[{"start":{"line":224,"column":24},"end":{"line":229,"column":20}}]},"71":{"type":"branch","line":225,"loc":{"start":{"line":225,"column":80},"end":{"line":225,"column":108}},"locations":[{"start":{"line":225,"column":80},"end":{"line":225,"column":108}}]},"72":{"type":"branch","line":244,"loc":{"start":{"line":244,"column":32},"end":{"line":249,"column":20}},"locations":[{"start":{"line":244,"column":32},"end":{"line":249,"column":20}}]},"73":{"type":"branch","line":245,"loc":{"start":{"line":245,"column":57},"end":{"line":245,"column":87}},"locations":[{"start":{"line":245,"column":57},"end":{"line":245,"column":87}}]}},"b":{"0":[95],"1":[74],"2":[74],"3":[74],"4":[74],"5":[74],"6":[74],"7":[64],"8":[30],"9":[0],"10":[94],"11":[30],"12":[64],"13":[64],"14":[46],"15":[10],"16":[2],"17":[8],"18":[64],"19":[64],"20":[5],"21":[58],"22":[6],"23":[30],"24":[2],"25":[28],"26":[18],"27":[10],"28":[7],"29":[3],"30":[0],"31":[20],"32":[14],"33":[7],"34":[7],"35":[27],"36":[13],"37":[13],"38":[14],"39":[13],"40":[13],"41":[20],"42":[7],"43":[13],"44":[26],"45":[6],"46":[5],"47":[21],"48":[5],"49":[5],"50":[1],"51":[4],"52":[6],"53":[2],"54":[5],"55":[3],"56":[0],"57":[2],"58":[1],"59":[1],"60":[0],"61":[1],"62":[0],"63":[0],"64":[0],"65":[6],"66":[4],"67":[4],"68":[1],"69":[1],"70":[12],"71":[2],"72":[6],"73":[1]},"fnMap":{"0":{"name":"TmPanel","decl":{"start":{"line":10,"column":7},"end":{"line":283,"column":1}},"loc":{"start":{"line":10,"column":7},"end":{"line":283,"column":1}},"line":10},"1":{"name":"applyMatch","decl":{"start":{"line":92,"column":21},"end":{"line":95,"column":4}},"loc":{"start":{"line":92,"column":21},"end":{"line":95,"column":4}},"line":92},"2":{"name":"handleCreateTm","decl":{"start":{"line":97,"column":25},"end":{"line":107,"column":4}},"loc":{"start":{"line":97,"column":25},"end":{"line":107,"column":4}},"line":97},"3":{"name":"handleAddToTm","decl":{"start":{"line":109,"column":24},"end":{"line":135,"column":4}},"loc":{"start":{"line":109,"column":24},"end":{"line":135,"column":4}},"line":109},"4":{"name":"handleMtFetch","decl":{"start":{"line":137,"column":24},"end":{"line":156,"column":4}},"loc":{"start":{"line":137,"column":24},"end":{"line":156,"column":4}},"line":137},"5":{"name":"onClick","decl":{"start":{"line":164,"column":21},"end":{"line":164,"column":46}},"loc":{"start":{"line":164,"column":21},"end":{"line":164,"column":46}},"line":164},"6":{"name":"onClick","decl":{"start":{"line":170,"column":21},"end":{"line":170,"column":46}},"loc":{"start":{"line":170,"column":21},"end":{"line":170,"column":46}},"line":170},"7":{"name":"onClick","decl":{"start":{"line":176,"column":21},"end":{"line":176,"column":52}},"loc":{"start":{"line":176,"column":21},"end":{"line":176,"column":52}},"line":176},"8":{"name":"onClick","decl":{"start":{"line":195,"column":23},"end":{"line":195,"column":52}},"loc":{"start":{"line":195,"column":23},"end":{"line":195,"column":52}},"line":195},"9":{"name":"onChange","decl":{"start":{"line":211,"column":26},"end":{"line":211,"column":59}},"loc":{"start":{"line":211,"column":26},"end":{"line":211,"column":59}},"line":211},"10":{"name":"onKeyDown","decl":{"start":{"line":213,"column":27},"end":{"line":213,"column":72}},"loc":{"start":{"line":213,"column":27},"end":{"line":213,"column":72}},"line":213},"11":{"name":"onClick","decl":{"start":{"line":217,"column":65},"end":{"line":217,"column":91}},"loc":{"start":{"line":217,"column":65},"end":{"line":217,"column":91}},"line":217},"12":{"name":"onClick","decl":{"start":{"line":225,"column":80},"end":{"line":225,"column":108}},"loc":{"start":{"line":225,"column":80},"end":{"line":225,"column":108}},"line":225},"13":{"name":"onClick","decl":{"start":{"line":245,"column":57},"end":{"line":245,"column":87}},"loc":{"start":{"line":245,"column":57},"end":{"line":245,"column":87}},"line":245},"14":{"name":"onClick","decl":{"start":{"line":264,"column":23},"end":{"line":264,"column":57}},"loc":{"start":{"line":264,"column":23},"end":{"line":264,"column":57}},"line":264}},"f":{"0":95,"1":3,"2":2,"3":1,"4":0,"5":0,"6":0,"7":6,"8":4,"9":1,"10":0,"11":1,"12":2,"13":1,"14":0}}
,"/Users/jaekyungcho/memoq-clone/src/hooks/useSegmentWs.ts": {"path":"/Users/jaekyungcho/memoq-clone/src/hooks/useSegmentWs.ts","all":false,"statementMap":{"0":{"start":{"line":1,"column":0},"end":{"line":1,"column":3}},"1":{"start":{"line":2,"column":0},"end":{"line":2,"column":69}},"2":{"start":{"line":3,"column":0},"end":{"line":3,"column":2}},"3":{"start":{"line":4,"column":0},"end":{"line":4,"column":63}},"4":{"start":{"line":5,"column":0},"end":{"line":5,"column":65}},"5":{"start":{"line":6,"column":0},"end":{"line":6,"column":2}},"6":{"start":{"line":7,"column":0},"end":{"line":7,"column":27}},"7":{"start":{"line":8,"column":0},"end":{"line":8,"column":62}},"8":{"start":{"line":9,"column":0},"end":{"line":9,"column":34}},"9":{"start":{"line":10,"column":0},"end":{"line":10,"column":71}},"10":{"start":{"line":11,"column":0},"end":{"line":11,"column":60}},"11":{"start":{"line":12,"column":0},"end":{"line":12,"column":2}},"12":{"start":{"line":13,"column":0},"end":{"line":13,"column":37}},"13":{"start":{"line":14,"column":0},"end":{"line":14,"column":43}},"14":{"start":{"line":15,"column":0},"end":{"line":15,"column":45}},"15":{"start":{"line":16,"column":0},"end":{"line":16,"column":61}},"16":{"start":{"line":17,"column":0},"end":{"line":17,"column":2}},"17":{"start":{"line":18,"column":0},"end":{"line":18,"column":52}},"18":{"start":{"line":19,"column":0},"end":{"line":19,"column":57}},"19":{"start":{"line":20,"column":0},"end":{"line":20,"column":73}},"20":{"start":{"line":21,"column":0},"end":{"line":21,"column":84}},"21":{"start":{"line":22,"column":0},"end":{"line":22,"column":2}},"22":{"start":{"line":23,"column":0},"end":{"line":23,"column":51}},"23":{"start":{"line":24,"column":0},"end":{"line":24,"column":3}},"24":{"start":{"line":25,"column":0},"end":{"line":25,"column":0}},"25":{"start":{"line":26,"column":0},"end":{"line":26,"column":55}},"26":{"start":{"line":27,"column":0},"end":{"line":27,"column":52}},"27":{"start":{"line":28,"column":0},"end":{"line":28,"column":47}},"28":{"start":{"line":29,"column":0},"end":{"line":29,"column":57}},"29":{"start":{"line":30,"column":0},"end":{"line":30,"column":74}},"30":{"start":{"line":31,"column":0},"end":{"line":31,"column":0}},"31":{"start":{"line":32,"column":0},"end":{"line":32,"column":33}},"32":{"start":{"line":33,"column":0},"end":{"line":33,"column":37}},"33":{"start":{"line":34,"column":0},"end":{"line":34,"column":38}},"34":{"start":{"line":35,"column":0},"end":{"line":35,"column":0}},"35":{"start":{"line":36,"column":0},"end":{"line":36,"column":74}},"36":{"start":{"line":37,"column":0},"end":{"line":37,"column":50}},"37":{"start":{"line":38,"column":0},"end":{"line":38,"column":82}},"38":{"start":{"line":39,"column":0},"end":{"line":39,"column":1}},"39":{"start":{"line":40,"column":0},"end":{"line":40,"column":0}},"40":{"start":{"line":41,"column":0},"end":{"line":41,"column":25}},"41":{"start":{"line":42,"column":0},"end":{"line":42,"column":23}},"42":{"start":{"line":43,"column":0},"end":{"line":43,"column":21}},"43":{"start":{"line":44,"column":0},"end":{"line":44,"column":18}},"44":{"start":{"line":45,"column":0},"end":{"line":45,"column":19}},"45":{"start":{"line":46,"column":0},"end":{"line":46,"column":1}},"46":{"start":{"line":47,"column":0},"end":{"line":47,"column":27}},"47":{"start":{"line":48,"column":0},"end":{"line":48,"column":25}},"48":{"start":{"line":49,"column":0},"end":{"line":49,"column":21}},"49":{"start":{"line":50,"column":0},"end":{"line":50,"column":1}},"50":{"start":{"line":51,"column":0},"end":{"line":51,"column":27}},"51":{"start":{"line":52,"column":0},"end":{"line":52,"column":25}},"52":{"start":{"line":53,"column":0},"end":{"line":53,"column":21}},"53":{"start":{"line":54,"column":0},"end":{"line":54,"column":17}},"54":{"start":{"line":55,"column":0},"end":{"line":55,"column":17}},"55":{"start":{"line":56,"column":0},"end":{"line":56,"column":1}},"56":{"start":{"line":57,"column":0},"end":{"line":57,"column":30}},"57":{"start":{"line":58,"column":0},"end":{"line":58,"column":21}},"58":{"start":{"line":59,"column":0},"end":{"line":59,"column":63}},"59":{"start":{"line":60,"column":0},"end":{"line":60,"column":1}},"60":{"start":{"line":61,"column":0},"end":{"line":61,"column":0}},"61":{"start":{"line":62,"column":0},"end":{"line":62,"column":88}},"62":{"start":{"line":63,"column":0},"end":{"line":63,"column":0}},"63":{"start":{"line":64,"column":0},"end":{"line":64,"column":30}},"64":{"start":{"line":65,"column":0},"end":{"line":65,"column":43}},"65":{"start":{"line":66,"column":0},"end":{"line":66,"column":45}},"66":{"start":{"line":67,"column":0},"end":{"line":67,"column":77}},"67":{"start":{"line":68,"column":0},"end":{"line":68,"column":1}},"68":{"start":{"line":69,"column":0},"end":{"line":69,"column":0}},"69":{"start":{"line":70,"column":0},"end":{"line":70,"column":76}},"70":{"start":{"line":71,"column":0},"end":{"line":71,"column":47}},"71":{"start":{"line":72,"column":0},"end":{"line":72,"column":34}},"72":{"start":{"line":73,"column":0},"end":{"line":73,"column":75}},"73":{"start":{"line":74,"column":0},"end":{"line":74,"column":36}},"74":{"start":{"line":75,"column":0},"end":{"line":75,"column":0}},"75":{"start":{"line":76,"column":0},"end":{"line":76,"column":64}},"76":{"start":{"line":77,"column":0},"end":{"line":77,"column":71}},"77":{"start":{"line":78,"column":0},"end":{"line":78,"column":50}},"78":{"start":{"line":79,"column":0},"end":{"line":79,"column":0}},"79":{"start":{"line":80,"column":0},"end":{"line":80,"column":19}},"80":{"start":{"line":81,"column":0},"end":{"line":81,"column":33}},"81":{"start":{"line":82,"column":0},"end":{"line":82,"column":26}},"82":{"start":{"line":83,"column":0},"end":{"line":83,"column":27}},"83":{"start":{"line":84,"column":0},"end":{"line":84,"column":29}},"84":{"start":{"line":85,"column":0},"end":{"line":85,"column":0}},"85":{"start":{"line":86,"column":0},"end":{"line":86,"column":32}},"86":{"start":{"line":87,"column":0},"end":{"line":87,"column":0}},"87":{"start":{"line":88,"column":0},"end":{"line":88,"column":35}},"88":{"start":{"line":89,"column":0},"end":{"line":89,"column":43}},"89":{"start":{"line":90,"column":0},"end":{"line":90,"column":44}},"90":{"start":{"line":91,"column":0},"end":{"line":91,"column":37}},"91":{"start":{"line":92,"column":0},"end":{"line":92,"column":7}},"92":{"start":{"line":93,"column":0},"end":{"line":93,"column":6}},"93":{"start":{"line":94,"column":0},"end":{"line":94,"column":0}},"94":{"start":{"line":95,"column":0},"end":{"line":95,"column":52}},"95":{"start":{"line":96,"column":0},"end":{"line":96,"column":40}},"96":{"start":{"line":97,"column":0},"end":{"line":97,"column":46}},"97":{"start":{"line":98,"column":0},"end":{"line":98,"column":34}},"98":{"start":{"line":99,"column":0},"end":{"line":99,"column":15}},"99":{"start":{"line":100,"column":0},"end":{"line":100,"column":7}},"100":{"start":{"line":101,"column":0},"end":{"line":101,"column":44}},"101":{"start":{"line":102,"column":0},"end":{"line":102,"column":48}},"102":{"start":{"line":103,"column":0},"end":{"line":103,"column":51}},"103":{"start":{"line":104,"column":0},"end":{"line":104,"column":16}},"104":{"start":{"line":105,"column":0},"end":{"line":105,"column":6}},"105":{"start":{"line":106,"column":0},"end":{"line":106,"column":0}},"106":{"start":{"line":107,"column":0},"end":{"line":107,"column":38}},"107":{"start":{"line":108,"column":0},"end":{"line":108,"column":40}},"108":{"start":{"line":109,"column":0},"end":{"line":109,"column":30}},"109":{"start":{"line":110,"column":0},"end":{"line":110,"column":42}},"110":{"start":{"line":111,"column":0},"end":{"line":111,"column":36}},"111":{"start":{"line":112,"column":0},"end":{"line":112,"column":25}},"112":{"start":{"line":113,"column":0},"end":{"line":113,"column":0}},"113":{"start":{"line":114,"column":0},"end":{"line":114,"column":25}},"114":{"start":{"line":115,"column":0},"end":{"line":115,"column":34}},"115":{"start":{"line":116,"column":0},"end":{"line":116,"column":31}},"116":{"start":{"line":117,"column":0},"end":{"line":117,"column":8}},"117":{"start":{"line":118,"column":0},"end":{"line":118,"column":0}},"118":{"start":{"line":119,"column":0},"end":{"line":119,"column":31}},"119":{"start":{"line":120,"column":0},"end":{"line":120,"column":27}},"120":{"start":{"line":121,"column":0},"end":{"line":121,"column":13}},"121":{"start":{"line":122,"column":0},"end":{"line":122,"column":60}},"122":{"start":{"line":123,"column":0},"end":{"line":123,"column":17}},"123":{"start":{"line":124,"column":0},"end":{"line":124,"column":17}},"124":{"start":{"line":125,"column":0},"end":{"line":125,"column":9}},"125":{"start":{"line":126,"column":0},"end":{"line":126,"column":0}},"126":{"start":{"line":127,"column":0},"end":{"line":127,"column":42}},"127":{"start":{"line":128,"column":0},"end":{"line":128,"column":83}},"128":{"start":{"line":129,"column":0},"end":{"line":129,"column":51}},"129":{"start":{"line":130,"column":0},"end":{"line":130,"column":36}},"130":{"start":{"line":131,"column":0},"end":{"line":131,"column":51}},"131":{"start":{"line":132,"column":0},"end":{"line":132,"column":48}},"132":{"start":{"line":133,"column":0},"end":{"line":133,"column":31}},"133":{"start":{"line":134,"column":0},"end":{"line":134,"column":71}},"134":{"start":{"line":135,"column":0},"end":{"line":135,"column":13}},"135":{"start":{"line":136,"column":0},"end":{"line":136,"column":47}},"136":{"start":{"line":137,"column":0},"end":{"line":137,"column":66}},"137":{"start":{"line":138,"column":0},"end":{"line":138,"column":78}},"138":{"start":{"line":139,"column":0},"end":{"line":139,"column":11}},"139":{"start":{"line":140,"column":0},"end":{"line":140,"column":9}},"140":{"start":{"line":141,"column":0},"end":{"line":141,"column":8}},"141":{"start":{"line":142,"column":0},"end":{"line":142,"column":0}},"142":{"start":{"line":143,"column":0},"end":{"line":143,"column":26}},"143":{"start":{"line":144,"column":0},"end":{"line":144,"column":27}},"144":{"start":{"line":145,"column":0},"end":{"line":145,"column":8}},"145":{"start":{"line":146,"column":0},"end":{"line":146,"column":0}},"146":{"start":{"line":147,"column":0},"end":{"line":147,"column":35}},"147":{"start":{"line":148,"column":0},"end":{"line":148,"column":29}},"148":{"start":{"line":149,"column":0},"end":{"line":149,"column":0}},"149":{"start":{"line":150,"column":0},"end":{"line":150,"column":73}},"150":{"start":{"line":151,"column":0},"end":{"line":151,"column":66}},"151":{"start":{"line":152,"column":0},"end":{"line":152,"column":0}},"152":{"start":{"line":153,"column":0},"end":{"line":153,"column":73}},"153":{"start":{"line":154,"column":0},"end":{"line":154,"column":32}},"154":{"start":{"line":155,"column":0},"end":{"line":155,"column":36}},"155":{"start":{"line":156,"column":0},"end":{"line":156,"column":17}},"156":{"start":{"line":157,"column":0},"end":{"line":157,"column":9}},"157":{"start":{"line":158,"column":0},"end":{"line":158,"column":0}},"158":{"start":{"line":159,"column":0},"end":{"line":159,"column":90}},"159":{"start":{"lin
[...]
rt":{"line":247,"column":0},"end":{"line":247,"column":34}},"247":{"start":{"line":248,"column":0},"end":{"line":248,"column":28}},"248":{"start":{"line":249,"column":0},"end":{"line":249,"column":30}},"249":{"start":{"line":250,"column":0},"end":{"line":250,"column":35}},"250":{"start":{"line":251,"column":0},"end":{"line":251,"column":27}},"251":{"start":{"line":252,"column":0},"end":{"line":252,"column":30}},"252":{"start":{"line":253,"column":0},"end":{"line":253,"column":30}},"253":{"start":{"line":254,"column":0},"end":{"line":254,"column":32}},"254":{"start":{"line":255,"column":0},"end":{"line":255,"column":12}},"255":{"start":{"line":256,"column":0},"end":{"line":256,"column":10}},"256":{"start":{"line":257,"column":0},"end":{"line":257,"column":59}},"257":{"start":{"line":258,"column":0},"end":{"line":258,"column":7}},"258":{"start":{"line":259,"column":0},"end":{"line":259,"column":17}},"259":{"start":{"line":260,"column":0},"end":{"line":260,"column":61}},"260":{"start":{"line":261,"column":0},"end":{"line":261,"column":44}},"261":{"start":{"line":262,"column":0},"end":{"line":262,"column":5}},"262":{"start":{"line":263,"column":0},"end":{"line":263,"column":4}},"263":{"start":{"line":264,"column":0},"end":{"line":264,"column":0}},"264":{"start":{"line":265,"column":0},"end":{"line":265,"column":24}},"265":{"start":{"line":266,"column":0},"end":{"line":266,"column":42}},"266":{"start":{"line":267,"column":0},"end":{"line":267,"column":9}},"267":{"start":{"line":268,"column":0},"end":{"line":268,"column":29}},"268":{"start":{"line":269,"column":0},"end":{"line":269,"column":17}},"269":{"start":{"line":270,"column":0},"end":{"line":270,"column":62}},"270":{"start":{"line":271,"column":0},"end":{"line":271,"column":67}},"271":{"start":{"line":272,"column":0},"end":{"line":272,"column":11}},"272":{"start":{"line":273,"column":0},"end":{"line":273,"column":61}},"273":{"start":{"line":274,"column":0},"end":{"line":274,"column":54}},"274":{"start":{"line":275,"column":0},"end":{"line":275,"column":49}},"275":{"start":{"line":276,"column":0},"end":{"line":276,"column":14}},"276":{"start":{"line":277,"column":0},"end":{"line":277,"column":57}},"277":{"start":{"line":278,"column":0},"end":{"line":278,"column":7}},"278":{"start":{"line":279,"column":0},"end":{"line":279,"column":17}},"279":{"start":{"line":280,"column":0},"end":{"line":280,"column":61}},"280":{"start":{"line":281,"column":0},"end":{"line":281,"column":44}},"281":{"start":{"line":282,"column":0},"end":{"line":282,"column":5}},"282":{"start":{"line":283,"column":0},"end":{"line":283,"column":4}},"283":{"start":{"line":284,"column":0},"end":{"line":284,"column":0}},"284":{"start":{"line":285,"column":0},"end":{"line":285,"column":17}},"285":{"start":{"line":286,"column":0},"end":{"line":286,"column":24}},"286":{"start":{"line":287,"column":0},"end":{"line":287,"column":4}},"287":{"start":{"line":288,"column":0},"end":{"line":288,"column":4}}},"s":{"0":1,"1":1,"2":1,"3":1,"4":1,"5":1,"6":1,"7":1,"8":1,"9":1,"10":1,"11":1,"12":1,"13":1,"14":1,"15":1,"16":1,"17":1,"18":1,"19":1,"20":1,"21":1,"22":1,"23":1,"24":1,"25":1,"26":1,"27":1,"28":1,"29":1,"30":1,"31":1,"32":1,"33":1,"34":1,"35":1,"36":1,"37":1,"38":1,"39":1,"40":1,"41":1,"42":1,"43":1,"44":1,"45":1,"46":1,"47":1,"48":1,"49":1,"50":1,"51":1,"52":1,"53":1,"54":1,"55":1,"56":1,"57":1,"58":1,"59":1,"60":1,"61":1,"62":1,"63":1,"64":1,"65":1,"66":1,"67":1,"68":1,"69":1,"70":1,"71":1,"72":1,"73":1,"74":1,"75":1,"76":1,"77":1,"78":1,"79":1,"80":1,"81":1,"82":1,"83":1,"84":1,"85":1,"86":1,"87":1,"88":1,"89":1,"90":5,"91":5,"92":5,"93":1,"94":1,"95":1,"96":1,"97":1,"98":1,"99":1,"100":1,"101":1,"102":1,"103":1,"104":1,"105":1,"106":1,"107":1,"108":1,"109":1,"110":1,"111":1,"112":1,"113":1,"114":1,"115":1,"116":1,"117":1,"118":1,"119":1,"120":1,"121":1,"122":1,"123":1,"124":1,"125":1,"126":1,"127":1,"128":1,"129":1,"130":2,"131":2,"132":2,"133":2,"134":2,"135":2,"136":2,"137":2,"138":1,"139":1,"140":1,"141":1,"142":0,"143":0,"144":0,"145":0,"146":0,"147":0,"148":1,"149":1,"150":1,"151":1,"152":1,"153":0,"154":0,"155":0,"156":1,"157":2,"158":2,"159":2,"160":2,"161":2,"162":2,"163":1,"164":1,"165":2,"166":2,"167":6,"168":12,"169":7,"170":7,"171":7,"172":6,"173":1,"174":7,"175":7,"176":7,"177":7,"178":7,"179":7,"180":12,"181":6,"182":6,"183":6,"184":6,"185":6,"186":6,"187":1,"188":5,"189":6,"190":6,"191":2,"192":2,"193":2,"194":2,"195":2,"196":2,"197":1,"198":1,"199":1,"200":1,"201":1,"202":1,"203":1,"204":1,"205":2,"206":2,"207":2,"208":0,"209":2,"210":1,"211":1,"212":1,"213":1,"214":1,"215":1,"216":1,"217":1,"218":1,"219":1,"220":1,"221":2,"222":2,"223":2,"224":1,"225":1,"226":1,"227":1,"228":0,"229":0,"230":0,"231":0,"232":0,"233":0,"234":1,"235":1,"236":1,"237":1,"238":1,"239":1,"240":1,"241":1,"242":1,"243":1,"244":1,"245":1,"246":1,"247":1,"248":1,"249":1,"250":1,"251":1,"252":1,"253":1,"254":1,"255":1,"256":1,"257":1,"258":1,"259":0,"260":0,"261":0,"262":1,"263":2,"264":2,"265":1,"266":1,"267":1,"268":1,"269":0,"270":0,"271":0,"272":0,"273":0,"274":0,"275":1,"276":1,"277":1,"278":1,"279":0,"280":0,"281":0,"282":1,"283":2,"284":2,"285":2,"286":2,"287":1},"branchMap":{"0":{"type":"branch","line":91,"loc":{"start":{"line":91,"column":0},"end":{"line":93,"column":1}},"locations":[{"start":{"line":91,"column":0},"end":{"line":93,"column":1}}]},"1":{"type":"branch","line":92,"loc":{"start":{"line":92,"column":58},"end":{"line":92,"column":91}},"locations":[{"start":{"line":92,"column":58},"end":{"line":92,"column":91}}]},"2":{"type":"branch","line":95,"loc":{"start":{"line":95,"column":0},"end":{"line":98,"column":1}},"locations":[{"start":{"line":95,"column":0},"end":{"line":98,"column":1}}]},"3":{"type":"branch","line":97,"loc":{"start":{"line":97,"column":9},"end":{"line":97,"column":56}},"locations":[{"start":{"line":97,"column":9},"end":{"line":97,"column":56}}]},"4":{"type":"branch","line":130,"loc":{"start":{"line":130,"column":50},"end":{"line":288,"column":2}},"locations":[{"start":{"line":130,"column":50},"end":{"line":288,"column":2}}]},"5":{"type":"branch","line":138,"loc":{"start":{"line":138,"column":2},"end":{"line":157,"column":4}},"locations":[{"start":{"line":138,"column":2},"end":{"line":157,"column":4}}]},"6":{"type":"branch","line":142,"loc":{"start":{"line":142,"column":16},"end":{"line":149,"column":13}},"locations":[{"start":{"line":142,"column":16},"end":{"line":149,"column":13}}]},"7":{"type":"branch","line":153,"loc":{"start":{"line":153,"column":4},"end":{"line":156,"column":5}},"locations":[{"start":{"line":153,"column":4},"end":{"line":156,"column":5}}]},"8":{"type":"branch","line":159,"loc":{"start":{"line":159,"column":2},"end":{"line":161,"column":4}},"locations":[{"start":{"line":159,"column":2},"end":{"line":161,"column":4}}]},"9":{"type":"branch","line":163,"loc":{"start":{"line":163,"column":2},"end":{"line":165,"column":4}},"locations":[{"start":{"line":163,"column":2},"end":{"line":165,"column":4}}]},"10":{"type":"branch","line":167,"loc":{"start":{"line":167,"column":2},"end":{"line":191,"column":4}},"locations":[{"start":{"line":167,"column":2},"end":{"line":191,"column":4}}]},"11":{"type":"branch","line":168,"loc":{"start":{"line":168,"column":19},"end":{"line":181,"column":9}},"locations":[{"start":{"line":168,"column":19},"end":{"line":181,"column":9}}]},"12":{"type":"branch","line":169,"loc":{"start":{"line":169,"column":15},"end":{"line":181,"column":7}},"locations":[{"start":{"line":169,"column":15},"end":{"line":181,"column":7}}]},"13":{"type":"branch","line":170,"loc":{"start":{"line":170,"column":35},"end":{"line":170,"column":44}},"locations":[{"start":{"line":170,"column":35},"end":{"line":170,"column":44}}]},"14":{"type":"branch","line":172,"loc":{"start":{"line":172,"column":28},"end":{"line":173,"column":70}},"locations":[{"start":{"line":172,"column":28},"end":{"line":173,"column":70}}]},"15":{"type":"branch","line":173,"loc":{"start":{"line":173,"column":69},"end":{"line":174,"column":16}},"locations":[{"start":{"line":173,"column":69},"end":{"line":174,"column":16}}]},"16":{"type":"branch","line":179,"loc":{"start":{"line":179,"column":32},"end":{"line":179,"column":52}},"locations":[{"start":{"line":179,"column":32},"end":{"line":179,"column":52}}]},"17":{"type":"branch","line":179,"loc":{"start":{"line":179,"column":36},"end":{"line":179,"column":61}},"locations":[{"start":{"line":179,"column":36},"end":{"line":179,"column":61}}]},"18":{"type":"branch","line":183,"loc":{"start":{"line":183,"column":8},"end":{"line":190,"column":6}},"locations":[{"start":{"line":183,"column":8},"end":{"line":190,"column":6}}]},"19":{"type":"branch","line":187,"loc":{"start":{"line":187,"column":14},"end":{"line":187,"column":39}},"locations":[{"start":{"line":187,"column":14},"end":{"line":187,"column":39}}]},"20":{"type":"branch","line":187,"loc":{"start":{"line":187,"column":39},"end":{"line":188,"column":61}},"locations":[{"start":{"line":187,"column":39},"end":{"line":188,"column":61}}]},"21":{"type":"branch","line":188,"loc":{"start":{"line":188,"column":60},"end":{"line":189,"column":35}},"locations":[{"start":{"line":188,"column":60},"end":{"line":189,"column":35}}]},"22":{"type":"branch","line":193,"loc":{"start":{"line":193,"column":2},"end":{"line":222,"column":4}},"locations":[{"start":{"line":193,"column":2},"end":{"line":222,"column":4}}]},"23":{"type":"branch","line":197,"loc":{"start":{"line":197,"column":16},"end":{"line":221,"column":5}},"locations":[{"start":{"line":197,"column":16},"end":{"line":221,"column":5}}]},"24":{"type":"branch","line":218,"loc":{"start":{"line":218,"column":41},"end":{"line":218,"column":61}},"locations":[{"start":{"line":218,"column":41},"end":{"line":218,"column":61}}]},"25":{"type":"branch","line":205,"loc":{"start":{"line":205,"column":21},"end":{"line":210,"column":10}},"locations":[{"start":{"line":205,"column":21},"end":{"line":210,"column":10}}]},"26":{"type":"branch","line":206,"loc":{"start":{"line":206,"column":17},"end":{"line":209,"column":15}},"locations":[{"start":{"line":206,"column":17},"end":{"line":209,"column":15}}]},"27":{"type":"branch","line":208,"loc":{"start":{"line":208,"column":73},"end":{"line":209,"column":15}},"locations":[{"start":{"line":208,"column":73},"end":{"line":209,"column":15}}]},"28":{"type":"branch","line":211,"loc":{"start":{"line":211,"column":10},"end":{"line":216,"column":8}},"locations":[{"start":{"line":211,"column":10},"end":{"line":216,"column":8}}]},"29":{"type":"branch","line":224,"loc":{"start":{"line":224,"column":2},"end":{"line":263,"column":4}},"locations":[{"start":{"line":224,"column":2},"end":{"line":263,"column":4}}]},"30":{"type":"branch","line":228,"loc":{"start":{"line":228,"column":16},"end":{"line":235,"column":13}},"locations":[{"start":{"line":228,"column":16},"end":{"line":235,"column":13}}]},"31":{"type":"branch","line":259,"loc":{"start":{"line":259,"column":4},"end":{"line":262,"column":5}},"locations":[{"start":{"line":259,"column":4},"end":{"line":262,"column":5}}]},"32":{"type":"branch","line":265,"loc":{"start":{"line":265,"column":2},"end":{"line":283,"column":4}},"locations":[{"start":{"line":265,"column":2},"end":{"line":283,"column":4}}]},"33":{"type":"branch","line":269,"loc":{"start":{"line":269,"column":16},"end":{"line":276,"column":13}},"locations":[{"start":{"line":269,"column":16},"end":{"line":276,"column":13}}]},"34":{"type":"branch","line":279,"loc":{"start":{"line":279,"column":4},"end":{"line":282,"column":5}},"locations":[{"start":{"line":279,"column":4},"end":{"line":282,"column":5}}]},"35":{"type":"branch","line":285,"loc":{"start":{"line":285,"column":2},"end":{"line":287,"column":4}},"locations":[{"start":{"line":285,"column":2},"end":{"line":287,"column":4}}]}},"b":{"0":[5],"1":[4],"2":[1],"3":[0],"4":[2],"5":[1],"6":[0],"7":[0],"8":[2],"9":[1],"10":[6],"11":[12],"12":[7],"13":[0],"14":[6],"15":[1],"16":[6],"17":[1],"18":[6],"19":[2],"20":[1],"21":[5],"22":[2],"23":[1],"24":[0],"25":[2],"26":[2],"27":[0],"28":[1],"29":[1],"30":[0],"31":[0],"32":[1],"33":[0],"34":[0],"35":[2]},"fnMap":{"0":{"name":"apiBase","decl":{"start":{"line":91,"column":0},"end":{"line":93,"column":1}},"loc":{"start":{"line":91,"column":0},"end":{"line":93,"column":1}},"line":91},"1":{"name":"authHeader","decl":{"start":{"line":95,"column":0},"end":{"line":98,"column":1}},"loc":{"start":{"line":95,"column":0},"end":{"line":98,"column":1}},"line":95},"2":{"name":"fetchMyAssignments","decl":{"start":{"line":138,"column":2},"end":{"line":157,"column":4}},"loc":{"start":{"line":138,"column":2},"end":{"line":157,"column":4}},"line":138},"3":{"name":"openAssignment","decl":{"start":{"line":159,"column":2},"end":{"line":161,"column":4}},"loc":{"start":{"line":159,"column":2},"end":{"line":161,"column":4}},"line":159},"4":{"name":"closeAssignment","decl":{"start":{"line":163,"column":2},"end":{"line":165,"column":4}},"loc":{"start":{"line":163,"column":2},"end":{"line":165,"column":4}},"line":163},"5":{"name":"updateProgress","decl":{"start":{"line":167,"column":2},"end":{"line":191,"column":4}},"loc":{"start":{"line":167,"column":2},"end":{"line":191,"column":4}},"line":167},"6":{"name":"update","decl":{"start":{"line":168,"column":19},"end":{"line":181,"column":9}},"loc":{"start":{"line":168,"column":19},"end":{"line":181,"column":9}},"line":168},"7":{"name":"deliver","decl":{"start":{"line":193,"column":2},"end":{"line":222,"column":4}},"loc":{"start":{"line":193,"column":2},"end":{"line":222,"column":4}},"line":193},"8":{"name":"update","decl":{"start":{"line":205,"column":21},"end":{"line":210,"column":10}},"loc":{"start":{"line":205,"column":21},"end":{"line":210,"column":10}},"line":205},"9":{"name":"fetchAllAssignments","decl":{"start":{"line":224,"column":2},"end":{"line":263,"column":4}},"loc":{"start":{"line":224,"column":2},"end":{"line":263,"column":4}},"line":224},"10":{"name":"fetchVendors","decl":{"start":{"line":265,"column":2},"end":{"line":283,"column":4}},"loc":{"start":{"line":265,"column":2},"end":{"line":283,"column":4}},"line":265},"11":{"name":"setError","decl":{"start":{"line":285,"column":2},"end":{"line":287,"column":4}},"loc":{"start":{"line":285,"column":2},"end":{"line":287,"column":4}},"line":285}},"f":{"0":5,"1":1,"2":1,"3":2,"4":1,"5":6,"6":12,"7":2,"8":2,"9":1,"10":1,"11":2}}
,"/Users/jaekyungcho/memoq-clone/src/stores/wsStore.ts": {"path":"/Users/jaekyungcho/memoq-clone/src/stores/wsStore.ts","all":false,"statementMap":{"0":{"start":{"line":1,"column":0},"end":{"line":1,"column":3}},"1":{"start":{"line":2,"column":0},"end":{"line":2,"column":57}},"2":{"start":{"line":3,"column":0},"end":{"line":3,"column":2}},"3":{"start":{"line":4,"column":0},"end":{"line":4,"column":64}},"4":{"start":{"line":5,"column":0},"end":{"line":5,"column":58}},"5":{"start":{"line":6,"column":0},"end":{"line":6,"column":3}},"6":{"start":{"line":7,"column":0},"end":{"line":7,"column":0}},"7":{"start":{"line":8,"column":0},"end":{"line":8,"column":33}},"8":{"start":{"line":9,"column":0},"end":{"line":9,"column":0}},"9":{"start":{"line":10,"column":0},"end":{"line":10,"column":34}},"10":{"start":{"line":11,"column":0},"end":{"line":11,"column":17}},"11":{"start":{"line":12,"column":0},"end":{"line":12,"column":19}},"12":{"start":{"line":13,"column":0},"end":{"line":13,"column":1}},"13":{"start":{"line":14,"column":0},"end":{"line":14,"column":0}},"14":{"start":{"line":15,"column":0},"end":{"line":15,"column":19}},"15":{"start":{"line":16,"column":0},"end":{"line":16,"column":39}},"16":{"start":{"line":17,"column":0},"end":{"line":17,"column":41}},"17":{"start":{"line":18,"column":0},"end":{"line":18,"column":36}},"18":{"start":{"line":19,"column":0},"end":{"line":19,"column":64}},"19":{"start":{"line":20,"column":0},"end":{"line":20,"column":0}},"20":{"start":{"line":21,"column":0},"end":{"line":21,"column":62}},"21":{"start":{"line":22,"column":0},"end":{"line":22,"column":41}},"22":{"start":{"line":23,"column":0},"end":{"line":23,"column":49}},"23":{"start":{"line":24,"column":0},"end":{"line":24,"column":20}},"24":{"start":{"line":25,"column":0},"end":{"line":25,"column":1}},"25":{"start":{"line":26,"column":0},"end":{"line":26,"column":0}},"26":{"start":{"line":27,"column":0},"end":{"line":27,"column":53}},"27":{"start":{"line":28,"column":0},"end":{"line":28,"column":12}},"28":{"start":{"line":29,"column":0},"end":{"line":29,"column":25}},"29":{"start":{"line":30,"column":0},"end":{"line":30,"column":0}},"30":{"start":{"line":31,"column":0},"end":{"line":31,"column":28}},"31":{"start":{"line":32,"column":0},"end":{"line":32,"column":63}},"32":{"start":{"line":33,"column":0},"end":{"line":33,"column":4}},"33":{"start":{"line":34,"column":0},"end":{"line":34,"column":24}},"34":{"start":{"line":35,"column":0},"end":{"line":35,"column":16}},"35":{"start":{"line":36,"column":0},"end":{"line":36,"column":34}},"36":{"start":{"line":37,"column":0},"end":{"line":37,"column":29}},"37":{"start":{"line":38,"column":0},"end":{"line":38,"column":29}},"38":{"start":{"line":39,"column":0},"end":{"line":39,"column":7}},"39":{"start":{"line":40,"column":0},"end":{"line":40,"column":4}},"40":{"start":{"line":41,"column":0},"end":{"line":41,"column":21}},"41":{"start":{"line":42,"column":0},"end":{"line":42,"column":20}},"42":{"start":{"line":43,"column":0},"end":{"line":43,"column":4}},"43":{"start":{"line":44,"column":0},"end":{"line":44,"column":11}},"44":{"start":{"line":45,"column":0},"end":{"line":45,"column":47}},"45":{"start":{"line":46,"column":0},"end":{"line":46,"column":4}},"46":{"start":{"line":47,"column":0},"end":{"line":47,"column":4}}},"s":{"0":1,"1":1,"2":1,"3":1,"4":1,"5":1,"6":1,"7":1,"8":1,"9":1,"10":1,"11":1,"12":1,"13":1,"14":1,"15":1,"16":1,"17":1,"18":1,"19":1,"20":1,"21":1,"22":1,"23":1,"24":1,"25":1,"26":1,"27":2,"28":2,"29":2,"30":2,"31":5,"32":5,"33":2,"34":3,"35":3,"36":3,"37":3,"38":3,"39":3,"40":2,"41":4,"42":4,"43":2,"44":8,"45":8,"46":1},"branchMap":{"0":{"type":"branch","line":27,"loc":{"start":{"line":27,"column":42},"end":{"line":47,"column":2}},"locations":[{"start":{"line":27,"column":42},"end":{"line":47,"column":2}}]},"1":{"type":"branch","line":31,"loc":{"start":{"line":31,"column":2},"end":{"line":33,"column":4}},"locations":[{"start":{"line":31,"column":2},"end":{"line":33,"column":4}}]},"2":{"type":"branch","line":32,"loc":{"start":{"line":32,"column":8},"end":{"line":32,"column":61}},"locations":[{"start":{"line":32,"column":8},"end":{"line":32,"column":61}}]},"3":{"type":"branch","line":34,"loc":{"start":{"line":34,"column":2},"end":{"line":40,"column":4}},"locations":[{"start":{"line":34,"column":2},"end":{"line":40,"column":4}}]},"4":{"type":"branch","line":35,"loc":{"start":{"line":35,"column":8},"end":{"line":39,"column":5}},"locations":[{"start":{"line":35,"column":8},"end":{"line":39,"column":5}}]},"5":{"type":"branch","line":41,"loc":{"start":{"line":41,"column":2},"end":{"line":43,"column":4}},"locations":[{"start":{"line":41,"column":2},"end":{"line":43,"column":4}}]},"6":{"type":"branch","line":44,"loc":{"start":{"line":44,"column":2},"end":{"line":46,"column":4}},"locations":[{"start":{"line":44,"column":2},"end":{"line":46,"column":4}}]}},"b":{"0":[2],"1":[5],"2":[5],"3":[3],"4":[3],"5":[4],"6":[8]},"fnMap":{"0":{"name":"setLock","decl":{"start":{"line":31,"column":2},"end":{"line":33,"column":4}},"loc":{"start":{"line":31,"column":2},"end":{"line":33,"column":4}},"line":31},"1":{"name":"clearLock","decl":{"start":{"line":34,"column":2},"end":{"line":40,"column":4}},"loc":{"start":{"line":34,"column":2},"end":{"line":40,"column":4}},"line":34},"2":{"name":"setStatus","decl":{"start":{"line":41,"column":2},"end":{"line":43,"column":4}},"loc":{"start":{"line":41,"column":2},"end":{"line":43,"column":4}},"line":41},"3":{"name":"reset","decl":{"start":{"line":44,"column":2},"end":{"line":46,"column":4}},"loc":{"start":{"line":44,"column":2},"end":{"line":46,"column":4}},"line":44}},"f":{"0":5,"1":3,"2":4,"3":8}}
}
