{"/Users/jaekyungcho/memoq-clone/src/components/TbPanel/TbPanel.tsx": {"path":"/Users/jaekyungcho/memoq-clone/src/components/TbPanel/TbPanel.tsx","all":false,"statementMap":{"0":{"start":{"line":1,"column":0},"end":{"line":1,"column":44}},"1":{"start":{"line":2,"column":0},"end":{"line":2,"column":60}},"2":{"start":{"line":3,"column":0},"end":{"line":3,"column":50}},"3":{"start":{"line":4,"column":0},"end":{"line":4,"column":67}},"4":{"start":{"line":5,"column":0},"end":{"line":5,"column":43}},"5":{"start":{"line":6,"column":0},"end":{"line":6,"column":0}},"6":{"start":{"line":7,"column":0},"end":{"line":7,"column":27}},"7":{"start":{"line":8,"column":0},"end":{"line":8,"column":61}},"8":{"start":{"line":9,"column":0},"end":{"line":9,"column":53}},"9":{"start":{"line":10,"column":0},"end":{"line":10,"column":56}},"10":{"start":{"line":11,"column":0},"end":{"line":11,"column":50}},"11":{"start":{"line":12,"column":0},"end":{"line":12,"column":43}},"12":{"start":{"line":13,"column":0},"end":{"line":13,"column":56}},"13":{"start":{"line":14,"column":0},"end":{"line":14,"column":49}},"14":{"start":{"line":15,"column":0},"end":{"line":15,"column":49}},"15":{"start":{"line":16,"column":0},"end":{"line":16,"column":47}},"16":{"start":{"line":17,"column":0},"end":{"line":17,"column":58}},"17":{"start":{"line":18,"column":0},"end":{"line":18,"column":0}},"18":{"start":{"line":19,"column":0},"end":{"line":19,"column":64}},"19":{"start":{"line":20,"column":0},"end":{"line":20,"column":0}},"20":{"start":{"line":21,"column":0},"end":{"line":21,"column":50}},"21":{"start":{"line":22,"column":0},"end":{"line":22,"column":19}},"22":{"start":{"line":23,"column":0},"end":{"line":23,"column":33}},"23":{"start":{"line":24,"column":0},"end":{"line":24,"column":36}},"24":{"start":{"line":25,"column":0},"end":{"line":25,"column":40}},"25":{"start":{"line":26,"column":0},"end":{"line":26,"column":37}},"26":{"start":{"line":27,"column":0},"end":{"line":27,"column":5}},"27":{"start":{"line":28,"column":0},"end":{"line":28,"column":20}},"28":{"start":{"line":29,"column":0},"end":{"line":29,"column":0}},"29":{"start":{"line":30,"column":0},"end":{"line":30,"column":44}},"30":{"start":{"line":31,"column":0},"end":{"line":31,"column":19}},"31":{"start":{"line":32,"column":0},"end":{"line":32,"column":53}},"32":{"start":{"line":33,"column":0},"end":{"line":33,"column":21}},"33":{"start":{"line":34,"column":0},"end":{"line":34,"column":13}},"34":{"start":{"line":35,"column":0},"end":{"line":35,"column":5}},"35":{"start":{"line":36,"column":0},"end":{"line":36,"column":14}},"36":{"start":{"line":37,"column":0},"end":{"line":37,"column":23}},"37":{"start":{"line":38,"column":0},"end":{"line":38,"column":34}},"38":{"start":{"line":39,"column":0},"end":{"line":39,"column":37}},"39":{"start":{"line":40,"column":0},"end":{"line":40,"column":6}},"40":{"start":{"line":41,"column":0},"end":{"line":41,"column":23}},"41":{"start":{"line":42,"column":0},"end":{"line":42,"column":35}},"42":{"start":{"line":43,"column":0},"end":{"line":43,"column":52}},"43":{"start":{"line":44,"column":0},"end":{"line":44,"column":0}},"44":{"start":{"line":45,"column":0},"end":{"line":45,"column":38}},"45":{"start":{"line":46,"column":0},"end":{"line":46,"column":31}},"46":{"start":{"line":47,"column":0},"end":{"line":47,"column":9}},"47":{"start":{"line":48,"column":0},"end":{"line":48,"column":47}},"48":{"start":{"line":49,"column":0},"end":{"line":49,"column":24}},"49":{"start":{"line":50,"column":0},"end":{"line":50,"column":20}},"50":{"start":{"line":51,"column":0},"end":{"line":51,"column":25}},"51":{"start":{"line":52,"column":0},"end":{"line":52,"column":17}},"52":{"start":{"line":53,"column":0},"end":{"line":53,"column":47}},"53":{"start":{"line":54,"column":0},"end":{"line":54,"column":5}},"54":{"start":{"line":55,"column":0},"end":{"line":55,"column":4}},"55":{"start":{"line":56,"column":0},"end":{"line":56,"column":0}},"56":{"start":{"line":57,"column":0},"end":{"line":57,"column":37}},"57":{"start":{"line":58,"column":0},"end":{"line":58,"column":82}},"58":{"start":{"line":59,"column":0},"end":{"line":59,"column":9}},"59":{"start":{"line":60,"column":0},"end":{"line":60,"column":20}},"60":{"start":{"line":61,"column":0},"end":{"line":61,"column":19}},"61":{"start":{"line":62,"column":0},"end":{"line":62,"column":25}},"62":{"start":{"line":63,"column":0},"end":{"line":63,"column":25}},"63":{"start":{"line":64,"column":0},"end":{"line":64,"column":27}},"64":{"start":{"line":65,"column":0},"end":{"line":65,"column":27}},"65":{"start":{"line":66,"column":0},"end":{"line":66,"column":17}},"66":{"start":{"line":67,"column":0},"end":{"line":67,"column":21}},"67":{"start":{"line":68,"column":0},"end":{"line":68,"column":8}},"68":{"start":{"line":69,"column":0},"end":{"line":69,"column":23}},"69":{"start":{"line":70,"column":0},"end":{"line":70,"column":23}},"70":{"start":{"line":71,"column":0},"end":{"line":71,"column":22}},"71":{"start":{"line":72,"column":0},"end":{"line":72,"column":29}},"72":{"start":{"line":73,"column":0},"end":{"line":73,"column":28}},"73":{"start":{"line":74,"column":0},"end":{"line":74,"column":16}},"74":{"start":{"line":75,"column":0},"end":{"line":75,"column":27}},"75":{"start":{"line":76,"column":0},"end":{"line":76,"column":38}},"76":{"start":{"line":77,"column":0},"end":{"line":77,"column":27}},"77":{"start":{"line":78,"column":0},"end":{"line":78,"column":38}},"78":{"start":{"line":79,"column":0},"end":{"line":79,"column":41}},"79":{"start":{"line":80,"column":0},"end":{"line":80,"column":11}},"80":{"start":{"line":81,"column":0},"end":{"line":81,"column":26}},"81":{"start":{"line":82,"column":0},"end":{"line":82,"column":7}},"82":{"start":{"line":83,"column":0},"end":{"line":83,"column":17}},"83":{"start":{"line":84,"column":0},"end":{"line":84,"column":46}},"84":{"start":{"line":85,"column":0},"end":{"line":85,"column":5}},"85":{"start":{"line":86,"column":0},"end":{"line":86,"column":4}},"86":{"start":{"line":87,"column":0},"end":{"line":87,"column":0}},"87":{"start":{"line":88,"column":0},"end":{"line":88,"column":10}},"88":{"start":{"line":89,"column":0},"end":{"line":89,"column":30}},"89":{"start":{"line":90,"column":0},"end":{"line":90,"column":36}},"90":{"start":{"line":91,"column":0},"end":{"line":91,"column":26}},"91":{"start":{"line":92,"column":0},"end":{"line":92,"column":39}},"92":{"start":{"line":93,"column":0},"end":{"line":93,"column":17}},"93":{"start":{"line":94,"column":0},"end":{"line":94,"column":33}},"94":{"start":{"line":95,"column":0},"end":{"line":95,"column":53}},"95":{"start":{"line":96,"column":0},"end":{"line":96,"column":27}},"96":{"start":{"line":97,"column":0},"end":{"line":97,"column":11}},"97":{"start":{"line":98,"column":0},"end":{"line":98,"column":16}},"98":{"start":{"line":99,"column":0},"end":{"line":99,"column":19}},"99":{"start":{"line":100,"column":0},"end":{"line":100,"column":17}},"100":{"start":{"line":101,"column":0},"end":{"line":101,"column":45}},"101":{"start":{"line":102,"column":0},"end":{"line":102,"column":50}},"102":{"start":{"line":103,"column":0},"end":{"line":103,"column":28}},"103":{"start":{"line":104,"column":0},"end":{"line":104,"column":11}},"104":{"start":{"line":105,"column":0},"end":{"line":105,"column":16}},"105":{"start":{"line":106,"column":0},"end":{"line":106,"column":19}},"106":{"start":{"line":107,"column":0},"end":{"line":107,"column":14}},"107":{"start":{"line":108,"column":0},"end":{"line":108,"column":12}},"108":{"start":{"line":109,"column":0},"end":{"line":109,"column":0}},"109":{"start":{"line":110,"column":0},"end":{"line":110,"column":20}},"110":{"start":{"line":111,"column":0},"end":{"line":111,"column":37}},"111":{"start":{"line":112,"column":0},"end":{"line":112,"column":16}},"112":{"start":{"line":113,"column":0},"end":{"line":113,"column":23}},"113":{"start":{"line":114,"column":0},"end":{"line":114,"column":26}},"114":{"start":{"line":115,"column":0},"end":{"line":115,"column":55}},"115":{"start":{"line":116,"column":0},"end":{"line":116,"column":31}},"116":{"start":{"line":117,"column":0},"end":{"line":117,"column":68}},"117":{"start":{"line":118,"column":0},"end":{"line":118,"column":21}},"118":{"start":{"line":119,"column":0},"end":{"line":119,"column":12}},"119":{"start":{"line":120,"column":0},"end":{"line":120,"column":77}},"120":{"start":{"line":121,"column":0},"end":{"line":121,"column":98}},"121":{"start":{"line":122,"column":0},"end":{"line":122,"column":14}},"122":{"start":{"line":123,"column":0},"end":{"line":123,"column":8}},"123":{"start":{"line":124,"column":0},"end":{"line":124,"column":0}},"124":{"start":{"line":125,"column":0},"end":{"line":125,"column":23}},"125":{"start":{"line":126,"column":0},"end":{"line":126,"column":39}},"126":{"start":{"line":127,"column":0},"end":{"line":127,"column":16}},"127":{"start":{"line":128,"column":0},"end":{"line":128,"column":23}},"128":{"start":{"line":129,"column":0},"end":{"line":129,"column":29}},"129":{"start":{"line":130,"column":0},"end":{"line":130,"column":58}},"130":{"start":{"line":131,"column":0},"end":{"line":131,"column":31}},"131":{"start":{"line":132,"column":0},"end":{"line":132,"column":12}},"132":{"start":{"line":133,"column":0},"end":{"line":133,"column":16}},"133":{"start":{"line":134,"column":0},"end":{"line":134,"column":23}},"134":{"start":{"line":135,"column":0},"end":{"line":135,"column":29}},"135":{"start":{"line":136,"column":0},"end":{"line":136,"column":58}},"136":{"start":{"line":137,"column":0},"end":{"line":137,"column":31}},"137":{"start":{"line":138,"column":0},"end":{"line":138,"column":12}},"138":{"start":{"line":139,"column":0},"end":{"line":139,"column":16}},"139":{"start":{"line":140,"column":0},"end":{"line":140,"column":23}},"140":{"start":{"line":141,"column":0},"end":{"line":141,"column":28}},"141":{"start":{"line":142,"column":0},"end":{"line":142,"column":57}},"142":{"start":{"line":143,"column":0},"end":{"line":143,"column":33}},"143":{"start":{"line":144,"column":0},"end":{"line":144,"column":12}},"144":{"start":{"line":145,"column":0},"end":{"line":145,"column":45}},"145":{"start":{"line":146,"column":0},"end":{"line":146,"column":18}},"146":{"start":{"line":147,"column":0},"end":{"line":147,"column":29}},"147":{"start":{"line":148,"column":0},"end":{"line":148,"column":36}},"148":{"start":{"line":149,"column":0},"end":{"line":149,"column":65}},"149":{"start":{"line":150,"column":0},"end":{"line":150,"column":14}},"150":{"start":{"line":151,"column":0},"end":{"line":151,"column":15}},"151":{"start":{"line":152,"column":0},"end":{"line":152,"column":18}},"152":{"start":{"line":153,"column":0},"end":{"line":153,"column":40}},"153":{"start":{"line":154,"column":0},"end":{"line":154,"column":77}},"154":{"start":{"line":155,"column":0},"end":{"line":155,"column":103}},"155":{"start":{"line":156,"column":0},"end":{"line":156,"column":16}},"156":{"start":{"line":157,"column":0},"end":{"line":157,"column":14}},"157":{"start":{"line":158,"column":0},"end":{"line":158,"column":8}},"158":{"start":{"line":159,"column":0},"end":{"line":159,"column":0}},"159":{"start":{"line":160,"column":0},"end":{"line":160,"column":31}},"160":{"start":{"line":161,"column":0},"end":{"line":161,"column":41}},"161":{"start":{"line":162,"column":0},"end":{"line":162,"column":11}},"162":{"start":{"line":163,"column":0},"end":{"line":163,"column":28}},"163":{"start":{"line":164,"column":0},"end":{"line":164,"column":83}},"164":{"start":{"line":165,"column":0},"end":{"line":165,"column":63}},"165":{"start":{"line":166,"column":0},"end":{"line":166,"column":44}},"166":{"start":{"line":167,"column":0},"end":{"line":167,"column":63}},"167":{"start":{"line":168,"column":0},"end":{"line":168,"column":73}},"168":{"start":{"line":169,"column":0},"end":{"line":169,"column":70}},"169":{"start":{"line":170,"column":0},"end":{"line":170,"column":16}},"170":{"start":{"line":171,"column":0},"end":{"line":171,"column":10}},"171":{"start":{"line":172,"column":0},"end":{"line":172,"column":8}},"172":{"start":{"line":173,"column":0},"end":{"line":173,"column":10}},"173":{"start":{"line":174,"column":0},"end":{"line":174,"column":4}},"174":{"start":{"line":175,"column":0},"end":{"line":175,"column":1}}},"s":{"0":1,"1":1,"2":1,"3":1,"4":1,"5":1,"6":1,"7":55,"8":55,"9":55,"10":55,"11":55,"12":55,"13":55,"14":55,"15":55,"16":55,"17":55,"18":55,"19":55,"20":55,"21":55,"22":19,"23":2,"24":2,"25":2,"26":2,"27":55,"28":55,"29":55,"30":55,"31":21,"32":11,"33":11,"34":11,"35":10,"36":10,"37":10,"38":10,"39":10,"40":10,"41":10,"42":55,"43":55,"44":55,"45":2,"46":1,"47":1,"48":1,"49":1,"50":1,"51":2,"52":0,"53":0,"54":2,"55":55,"56":55,"57":1,"58":1,"59":1,"60":1,"61":1,"62":1,"63":1,"64":1,"65":1,"66":1,"67":1,"68":1,"69":1,"70":1,"71":1,"72":1,"73":1,"74":1,"75":1,"76":1,"77":1,"78":1,"79":1,"80":1,"81":1,"82":1,"83":0,"84":0,"85":1,"86":55,"87":55,"88":55,"89":55,"90":55,"91":55,"92":55,"93":55,"94":55,"95":55,"96":55,"97":55,"98":55,"99":55,"100":55,"101":55,"102":55,"103":55,"104":55,"105":55,"106":55,"107":55,"108":55,"109":55,"110":5,"111":5,"112":5,"113":5,"114":5,"115":5,"116":5,"117":5,"118":5,"119":5,"120":5,"121":5,"122":55,"123":55,"124":55,"125":5,"126":5,"127":5,"128":5,"129":5,"130":5,"131":5,"132":5,"133":5,"134":5,"135":5,"136":5,"137":5,"138":5,"139":5,"140":5,"141":5,"142":5,"143":5,"144":5,"145":5,"146":5,"147":5,"148":5,"149":5,"150":5,"151":5,"152":5,"153":5,"154":5,"155":5,"156":5,"157":55,"158":55,"159":55,"160":48,"161":7,"162":7,"163":14,"164":14,"165":14,"166":14,"167":14,"168":14,"169":14,"170":7,"171":55,"172":55,"173":55,"174":55},"branchMap":{"0":{"type":"branch","line":7,"loc":{"start":{"line":7,"column":7},"end":{"line":175,"column":1}},"locations":[{"start":{"line":7,"column":7},"end":{"line":175,"column":1}}]},"1":{"type":"branch","line":19,"loc":{"start":{"line":19,"column":25},"end":{"line":19,"column":43}},"locations":[{"start":{"line":19,"column":25},"end":{"line":19,"column":43}}]},"2":{"type":"branch","line":28,"loc":{"start":{"line":28,"column":6},"end":{"line":28,"column":17}},"locations":[{"start":{"line":28,"column":6},"end":{"line":28,"column":17}}]},"3":{"type":"branch","line":43,"loc":{"start":{"line":43,"column":18},"end":{"line":43,"column":38}},"locations":[{"start":{"line":43,"column":18},"end":{"line":43,"column":38}}]},"4":{"type":"branch","line":43,"loc":{"start":{"line":43,"column":38},"end":{"line":43,"column":49}},"locations":[{"start":{"line":43,"column":38},"end":{"line":43,"column":49}}]},"5":{"type":"branch","line":110,"loc":{"start":{"line":110,"column":7},"end":{"line":122,"column":14}},"locations":[{"start":{"line":110,"column":7},"end":{"line":122,"column":14}}]},"6":{"type":"branch","line":125,"loc":{"start":{"line":125,"column":7},"end":{"line":157,"column":14}},"locations":[{"start":{"line":125,"column":7},"end":{"line":157,"column":14}}]},"7":{"type":"branch","line":160,"loc":{"start":{"line":160,"column":26},"end":{"line":161,"column":41}},"locations":[{"start":{"line":160,"column":26},"end":{"line":161,"column":41}}]},"8":{"type":"branch","line":161,"loc":{"start":{"line":161,"column":37},"end":{"line":171,"column":10}},"locations":[{"start":{"line":161,"column":37},"end":{"line":171,"column":10}}]},"9":{"type":"branch","line":22,"loc":{"start":{"line":22,"column":12},"end":{"line":28,"column":5}},"locations":[{"start":{"line":22,"column":12},"end":{"line":28,"column":5}}]},"10":{"type":"branch","line":23,"loc":{"start":{"line":23,"column":9},"end":{"line":23,"column":32}},"locations":[{"start":{"line":23,"column":9},"end":{"line":23,"column":32}}]},"11":{"type":"branch","line":23,"loc":{"start":{"line":23,"column":32},"end":{"line":27,"column":5}},"locations":[{"start":{"line":23,"column":32},"end":{"line":27,"column":5}}]},"12":{"type":"branch","line":25,"loc":{"start":{"line":25,"column":14},"end":{"line":25,"column":39}},"locations":[{"start":{"line":25,"column":14},"end":{"line":25,"column":39}}]},"13":{"type":"branch","line":31,"loc":{"start":{"line":31,"column":12},"end":{"line":43,"column":5}},"locations":[{"start":{"line":31,"column":12},"end":{"line":43,"column":5}}]},"14":{"type":"branch","line":32,"loc":{"start":{"line":32,"column":9},"end":{"line":32,"column":42}},"locations":[{"start":{"line":32,"column":9},"end":{"line":32,"column":42}}]},"15":{"type":"branch","line":32,"loc":{"start":{"line":32,"column":24},"end":{"line":32,"column":52}},"locations":[{"start":{"line":32,"column":24},"end":{"line":32,"column":52}}]},"16":{"type":"branch","line":32,"loc":{"start":{"line":32,"column":52},"end":{"line":35,"column":5}},"locations":[{"start":{"line":32,"column":52},"end":{"line":35,"column":5}}]},"17":{"type":"branch","line":35,"loc":{"start":{"line":35,"column":4},"end":{"line":42,"column":35}},"locations":[{"start":{"line":35,"column":4},"end":{"line":42,"column":35}}]},"18":{"type":"branch","line":45,"loc":{"start":{"line":45,"column":25},"end":{"line":55,"column":4}},"locations":[{"start":{"line":45,"column":25},"end":{"line":55,"column":4}}]},"19":{"type":"branch","line":46,"loc":{"start":{"line":46,"column":24},"end":{"line":52,"column":13}},"locations":[{"start":{"line":46,"column":24},"end":{"line":52,"column":13}}]},"20":{"type":"branch","line":52,"loc":{"start":{"line":52,"column":4},"end":{"line":54,"column":5}},"locations":[{"start":{"line":52,"column":4},"end":{"line":54,"column":5}}]},"21":{"type":"branch","line":57,"loc":{"start":{"line":57,"column":24},"end":{"line":86,"column":4}},"locations":[{"start":{"line":57,"column":24},"end":{"line":86,"column":4}}]},"22":{"type":"branch","line":58,"loc":{"start":{"line":58,"column":75},"end":{"line":58,"column":82}},"locations":[{"start":{"line":58,"column":75},"end":{"line":58,"column":82}}]},"23":{"type":"branch","line":83,"loc":{"start":{"line":83,"column":4},"end":{"line":85,"column":5}},"locations":[{"start":{"line":83,"column":4},"end":{"line":85,"column":5}}]},"24":{"type":"branch","line":95,"loc":{"start":{"line":95,"column":21},"end":{"line":95,"column":53}},"locations":[{"start":{"line":95,"column":21},"end":{"line":95,"column":53}}]},"25":{"type":"branch","line":95,"loc":{"start":{"line":95,"column":42},"end":{"line":95,"column":51}},"locations":[{"start":{"line":95,"column":42},"end":{"line":95,"column":51}}]},"26":{"type":"branch","line":102,"loc":{"start":{"line":102,"column":21},"end":{"line":102,"column":50}},"locations":[{"start":{"line":102,"column":21},"end":{"line":102,"column":50}}]},"27":{"type":"branch","line":102,"loc":{"start":{"line":102,"column":39},"end":{"line":102,"column":48}},"locations":[{"start":{"line":102,"column":39},"end":{"line":102,"column":48}}]},"28":{"type":"branch","line":115,"loc":{"start":{"line":115,"column":22},"end":{"line":115,"column":55}},"locations":[{"start":{"line":115,"column":22},"end":{"line":115,"column":55}}]},"29":{"type":"branch","line":121,"loc":{"start":{"line":121,"column":61},"end":{"line":121,"column":87}},"locations":[{"start":{"line":121,"column":61},"end":{"line":121,"column":87}}]},"30":{"type":"branch","line":130,"loc":{"start":{"line":130,"column":22},"end":{"line":130,"column":58}},"locations":[{"start":{"line":130,"column":22},"end":{"line":130,"column":58}}]},"31":{"type":"branch","line":136,"loc":{"start":{"line":136,"column":22},"end":{"line":136,"column":58}},"locations":[{"start":{"line":136,"column":22},"end":{"line":136,"column":58}}]},"32":{"type":"branch","line":155,"loc":{"start":{"line":155,"column":63},"end":{"line":155,"column":92}},"locations":[{"start":{"line":155,"column":63},"end":{"line":155,"column":92}}]},"33":{"type":"branch","line":163,"loc":{"start":{"line":163,"column":20},"end":{"line":170,"column":16}},"locations":[{"start":{"line":163,"column":20},"end":{"line":170,"column":16}}]},"34":{"type":"branch","line":164,"loc":{"start":{"line":164,"column":51},"end":{"line":164,"column":77}},"locations":[{"start":{"line":164,"column":51},"end":{"line":164,"column":77}}]},"35":{"type":"branch","line":164,"loc":{"start":{"line":164,"column":63},"end":{"line":164,"column":79}},"locations":[{"start":{"line":164,"column":63},"end":{"line":164,"column":79}}]},"36":{"type":"branch","line":168,"loc":{"start":{"line":168,"column":15},"end":{"line":168,"column":73}},"locations":[{"start":{"line":168,"column":15},"end":{"line":168,"column":73}}]},"37":{"type":"branch","line":169,"loc":{"start":{"line":169,"column":15},"end":{"line":169,"column":70}},"locations":[{"start":{"line":169,"column":15},"end":{"line":169,"column":70}}]}},"b":{"0":[55],"1":[30],"2":[30],"3":[30],"4":[30],"5":[5],"6":[5],"7":[48],"8":[7],"9":[19],"10":[11],"11":[2],"12":[2],"13":[21],"14":[10],"15":[10],"16":[11],"17":[10],"18":[2],"19":[1],"20":[0],"21":[1],"22":[0],"23":[0],"24":[3],"25":[3],"26":[4],"27":[4],"28":[1],"29":[1],"30":[1],"31":[1],"32":[1],"33":[14],"34":[5],"35":[9],"36":[5],"37":[10]},"fnMap":{"0":{"name":"TbPanel","decl":{"start":{"line":7,"column":7},"end":{"line":175,"column":1}},"loc":{"start":{"line":7,"column":7},"end":{"line":175,"column":1}},"line":7},"1":{"name":"handleCreateTb","decl":{"start":{"line":45,"column":25},"end":{"line":55,"column":4}},"loc":{"start":{"line":45,"column":25},"end":{"line":55,"column":4}},"line":45},"2":{"name":"handleAddTerm","decl":{"start":{"line":57,"column":24},"end":{"line":86,"column":4}},"loc":{"start":{"line":57,"column":24},"end":{"line":86,"column":4}},"line":57},"3":{"name":"onClick","decl":{"start":{"line":95,"column":21},"end":{"line":95,"column":53}},"loc":{"start":{"line":95,"column":21},"end":{"line":95,"column":53}},"line":95},"4":{"name":"onClick","decl":{"start":{"line":102,"column":21},"end":{"line":102,"column":50}},"loc":{"start":{"line":102,"column":21},"end":{"line":102,"column":50}},"line":102},"5":{"name":"onChange","decl":{"start":{"line":115,"column":22},"end":{"line":115,"column":55}},"loc":{"start":{"line":115,"column":22},"end":{"line":115,"column":55}},"line":115},"6":{"name":"onKeyDown","decl":{"start":{"line":117,"column":23},"end":{"line":117,"column":68}},"loc":{"start":{"line":117,"column":23},"end":{"line":117,"column":68}},"line":117},"7":{"name":"onClick","decl":{"start":{"line":121,"column":61},"end":{"line":121,"column":87}},"loc":{"start":{"line":121,"column":61},"end":{"line":121,"column":87}},"line":121},"8":{"name":"onChange","decl":{"start":{"line":130,"column":22},"end":{"line":130,"column":58}},"loc":{"start":{"line":130,"column":22},"end":{"line":130,"column":58}},"line":130},"9":{"name":"onChange","decl":{"start":{"line":136,"column":22},"end":{"line":136,"column":58}},"loc":{"start":{"line":136,"column":22},"end":{"line":136,"column":58}},"line":136},"10":{"name":"onChange","decl":{"start":{"line":142,"column":22},"end":{"line":142,"column":57}},"loc":{"start":{"line":142,"column":22},"end":{"line":142,"column":57}},"line":142},"11":{"name":"onChange","decl":{"start":{"line":149,"column":24},"end":{"line":149,"column":65}},"loc":{"start":{"line":149,"column":24},"end":{"line":149,"column":65}},"line":149},"12":{"name":"onClick","decl":{"start":{"line":155,"column":63},"end":{"line":155,"column":92}},"loc":{"start":{"line":155,"column":63},"end":{"line":155,"column":92}},"line":155}},"f":{"0":55,"1":2,"2":1,"3":3,"4":4,"5":1,"6":0,"7":1,"8":1,"9":1,"10":0,"11":0,"12":1}}
,"/Users/jaekyungcho/memoq-clone/src/components/TmPanel/TmPanel.tsx": {"path":"/Users/jaekyungcho/memoq-clone/src/components/TmPanel/TmPanel.tsx","all":false,"statementMap":{"0":{"start":{"line":1,"column":0},"end":{"line":1,"column":44}},"1":{"start":{"line":2,"column":0},"end":{"line":2,"column":60}},"2":{"start":{"line":3,"column":0},"end":{"line":3,"column":50}},"3":{"start":{"line":4,"column":0},"end":{"line":4,"column":67}},"4":{"start":{"line":5,"column":0},"end":{"line":5,"column":43}},"5":{"start":{"line":6,"column":0},"end":{"line":6,"column":0}},"6":{"start":{"line":7,"column":0},"end":{"line":7,"column":27}},"7":{"start":{"line":8,"column":0},"end":{"line":8,"column":76}},"8":{"start":{"line":9,"column":0},"end":{"line":9,"column":53}},"9":{"start":{"line":10,"column":0},"end":{"line":10,"column":56}},"10":{"start":{"line":11,"column":0},"end":{"line":11,"column":50}},"11":{"start":{"line":12,"column":0},"end":{"line":12,"column":43}},"12":{"start":{"line":13,"column":0},"end":{"line":13,"column":46}},"13":{"start":{"line":14,"column":0},"end":{"line":14,"column":0}},"14":{"start":{"line":15,"column":0},"end":{"line":15,"column":64}},"15":{"start":{"line":16,"column":0},"end":{"line":16,"column":0}},"16":{"start":{"line":17,"column":0},"end":{"line":17,"column":68}},"17":{"start":{"line":18,"column":0},"end":{"line":18,"column":19}},"18":{"start":{"line":19,"column":0},"end":{"line":19,"column":33}},"19":{"start":{"line":20,"column":0},"end":{"line":20,"column":74}},"20":{"start":{"line":21,"column":0},"end":{"line":21,"column":67}},"21":{"start":{"line":22,"column":0},"end":{"line":22,"column":40}},"22":{"start":{"line":23,"column":0},"end":{"line":23,"column":37}},"23":{"start":{"line":24,"column":0},"end":{"line":24,"column":5}},"24":{"start":{"line":25,"column":0},"end":{"line":25,"column":20}},"25":{"start":{"line":26,"column":0},"end":{"line":26,"column":0}},"26":{"start":{"line":27,"column":0},"end":{"line":27,"column":43}},"27":{"start":{"line":28,"column":0},"end":{"line":28,"column":19}},"28":{"start":{"line":29,"column":0},"end":{"line":29,"column":53}},"29":{"start":{"line":30,"column":0},"end":{"line":30,"column":21}},"30":{"start":{"line":31,"column":0},"end":{"line":31,"column":13}},"31":{"start":{"line":32,"column":0},"end":{"line":32,"column":5}},"32":{"start":{"line":33,"column":0},"end":{"line":33,"column":14}},"33":{"start":{"line":34,"column":0},"end":{"line":34,"column":23}},"34":{"start":{"line":35,"column":0},"end":{"line":35,"column":35}},"35":{"start":{"line":36,"column":0},"end":{"line":36,"column":37}},"36":{"start":{"line":37,"column":0},"end":{"line":37,"column":37}},"37":{"start":{"line":38,"column":0},"end":{"line":38,"column":20}},"38":{"start":{"line":39,"column":0},"end":{"line":39,"column":6}},"39":{"start":{"line":40,"column":0},"end":{"line":40,"column":23}},"40":{"start":{"line":41,"column":0},"end":{"line":41,"column":35}},"41":{"start":{"line":42,"column":0},"end":{"line":42,"column":52}},"42":{"start":{"line":43,"column":0},"end":{"line":43,"column":0}},"43":{"start":{"line":44,"column":0},"end":{"line":44,"column":42}},"44":{"start":{"line":45,"column":0},"end":{"line":45,"column":32}},"45":{"start":{"line":46,"column":0},"end":{"line":46,"column":80}},"46":{"start":{"line":47,"column":0},"end":{"line":47,"column":4}},"47":{"start":{"line":48,"column":0},"end":{"line":48,"column":0}},"48":{"start":{"line":49,"column":0},"end":{"line":49,"column":38}},"49":{"start":{"line":50,"column":0},"end":{"line":50,"column":43}},"50":{"start":{"line":51,"column":0},"end":{"line":51,"column":9}},"51":{"start":{"line":52,"column":0},"end":{"line":52,"column":87}},"52":{"start":{"line":53,"column":0},"end":{"line":53,"column":24}},"53":{"start":{"line":54,"column":0},"end":{"line":54,"column":20}},"54":{"start":{"line":55,"column":0},"end":{"line":55,"column":25}},"55":{"start":{"line":56,"column":0},"end":{"line":56,"column":17}},"56":{"start":{"line":57,"column":0},"end":{"line":57,"column":47}},"57":{"start":{"line":58,"column":0},"end":{"line":58,"column":5}},"58":{"start":{"line":59,"column":0},"end":{"line":59,"column":4}},"59":{"start":{"line":60,"column":0},"end":{"line":60,"column":0}},"60":{"start":{"line":61,"column":0},"end":{"line":61,"column":37}},"61":{"start":{"line":62,"column":0},"end":{"line":62,"column":59}},"62":{"start":{"line":63,"column":0},"end":{"line":63,"column":46}},"63":{"start":{"line":64,"column":0},"end":{"line":64,"column":20}},"64":{"start":{"line":65,"column":0},"end":{"line":65,"column":9}},"65":{"start":{"line":66,"column":0},"end":{"line":66,"column":20}},"66":{"start":{"line":67,"column":0},"end":{"line":67,"column":19}},"67":{"start":{"line":68,"column":0},"end":{"line":68,"column":30}},"68":{"start":{"line":69,"column":0},"end":{"line":69,"column":30}},"69":{"start":{"line":70,"column":0},"end":{"line":70,"column":27}},"70":{"start":{"line":71,"column":0},"end":{"line":71,"column":27}},"71":{"start":{"line":72,"column":0},"end":{"line":72,"column":8}},"72":{"start":{"line":73,"column":0},"end":{"line":73,"column":24}},"73":{"start":{"line":74,"column":0},"end":{"line":74,"column":36}},"74":{"start":{"line":75,"column":0},"end":{"line":75,"column":25}},"75":{"start":{"line":76,"column":0},"end":{"line":76,"column":37}},"76":{"start":{"line":77,"column":0},"end":{"line":77,"column":39}},"77":{"start":{"line":78,"column":0},"end":{"line":78,"column":39}},"78":{"start":{"line":79,"column":0},"end":{"line":79,"column":22}},"79":{"start":{"line":80,"column":0},"end":{"line":80,"column":9}},"80":{"start":{"line":81,"column":0},"end":{"line":81,"column":24}},"81":{"start":{"line":82,"column":0},"end":{"line":82,"column":17}},"82":{"start":{"line":83,"column":0},"end":{"line":83,"column":47}},"83":{"start":{"line":84,"column":0},"end":{"line":84,"column":15}},"84":{"start":{"line":85,"column":0},"end":{"line":85,"column":23}},"85":{"start":{"line":86,"column":0},"end":{"line":86,"column":5}},"86":{"start":{"line":87,"column":0},"end":{"line":87,"column":4}},"87":{"start":{"line":88,"column":0},"end":{"line":88,"column":0}},"88":{"start":{"line":89,"column":0},"end":{"line":89,"column":10}},"89":{"start":{"line":90,"column":0},"end":{"line":90,"column":30}},"90":{"start":{"line":91,"column":0},"end":{"line":91,"column":36}},"91":{"start":{"line":92,"column":0},"end":{"line":92,"column":35}},"92":{"start":{"line":93,"column":0},"end":{"line":93,"column":39}},"93":{"start":{"line":94,"column":0},"end":{"line":94,"column":38}},"94":{"start":{"line":95,"column":0},"end":{"line":95,"column":19}},"95":{"start":{"line":96,"column":0},"end":{"line":96,"column":35}},"96":{"start":{"line":97,"column":0},"end":{"line":97,"column":37}},"97":{"start":{"line":98,"column":0},"end":{"line":98,"column":31}},"98":{"start":{"line":99,"column":0},"end":{"line":99,"column":37}},"99":{"start":{"line":100,"column":0},"end":{"line":100,"column":13}},"100":{"start":{"line":101,"column":0},"end":{"line":101,"column":39}},"101":{"start":{"line":102,"column":0},"end":{"line":102,"column":21}},"102":{"start":{"line":103,"column":0},"end":{"line":103,"column":12}},"103":{"start":{"line":104,"column":0},"end":{"line":104,"column":17}},"104":{"start":{"line":105,"column":0},"end":{"line":105,"column":45}},"105":{"start":{"line":106,"column":0},"end":{"line":106,"column":50}},"106":{"start":{"line":107,"column":0},"end":{"line":107,"column":28}},"107":{"start":{"line":108,"column":0},"end":{"line":108,"column":11}},"108":{"start":{"line":109,"column":0},"end":{"line":109,"column":16}},"109":{"start":{"line":110,"column":0},"end":{"line":110,"column":19}},"110":{"start":{"line":111,"column":0},"end":{"line":111,"column":14}},"111":{"start":{"line":112,"column":0},"end":{"line":112,"column":12}},"112":{"start":{"line":113,"column":0},"end":{"line":113,"column":0}},"113":{"start":{"line":114,"column":0},"end":{"line":114,"column":20}},"114":{"start":{"line":115,"column":0},"end":{"line":115,"column":37}},"115":{"start":{"line":116,"column":0},"end":{"line":116,"column":16}},"116":{"start":{"line":117,"column":0},"end":{"line":117,"column":23}},"117":{"start":{"line":118,"column":0},"end":{"line":118,"column":26}},"118":{"start":{"line":119,"column":0},"end":{"line":119,"column":55}},"119":{"start":{"line":120,"column":0},"end":{"line":120,"column":31}},"120":{"start":{"line":121,"column":0},"end":{"line":121,"column":68}},"121":{"start":{"line":122,"column":0},"end":{"line":122,"column":21}},"122":{"start":{"line":123,"column":0},"end":{"line":123,"column":12}},"123":{"start":{"line":124,"column":0},"end":{"line":124,"column":77}},"124":{"start":{"line":125,"column":0},"end":{"line":125,"column":98}},"125":{"start":{"line":126,"column":0},"end":{"line":126,"column":14}},"126":{"start":{"line":127,"column":0},"end":{"line":127,"column":8}},"127":{"start":{"line":128,"column":0},"end":{"line":128,"column":0}},"128":{"start":{"line":129,"column":0},"end":{"line":129,"column":31}},"129":{"start":{"line":130,"column":0},"end":{"line":130,"column":43}},"130":{"start":{"line":131,"column":0},"end":{"line":131,"column":11}},"131":{"start":{"line":132,"column":0},"end":{"line":132,"column":31}},"132":{"start":{"line":133,"column":0},"end":{"line":133,"column":74}},"133":{"start":{"line":134,"column":0},"end":{"line":134,"column":75}},"134":{"start":{"line":135,"column":0},"end":{"line":135,"column":58}},"135":{"start":{"line":136,"column":0},"end":{"line":136,"column":58}},"136":{"start":{"line":137,"column":0},"end":{"line":137,"column":16}},"137":{"start":{"line":138,"column":0},"end":{"line":138,"column":10}},"138":{"start":{"line":139,"column":0},"end":{"line":139,"column":8}},"139":{"start":{"line":140,"column":0},"end":{"line":140,"column":10}},"140":{"start":{"line":141,"column":0},"end":{"line":141,"column":4}},"141":{"start":{"line":142,"column":0},"end":{"line":142,"column":1}}},"s":{"0":1,"1":1,"2":1,"3":1,"4":1,"5":1,"6":1,"7":43,"8":43,"9":43,"10":43,"11":43,"12":43,"13":43,"14":43,"15":43,"16":43,"17":43,"18":14,"19":2,"20":2,"21":2,"22":2,"23":2,"24":43,"25":43,"26":43,"27":43,"28":16,"29":8,"30":8,"31":8,"32":8,"33":8,"34":8,"35":8,"36":8,"37":8,"38":8,"39":8,"40":8,"41":43,"42":43,"43":43,"44":2,"45":2,"46":2,"47":43,"48":43,"49":2,"50":1,"51":1,"52":1,"53":1,"54":1,"55":2,"56":0,"57":0,"58":2,"59":43,"60":43,"61":1,"62":1,"63":1,"64":1,"65":1,"66":1,"67":1,"68":1,"69":1,"70":1,"71":1,"72":1,"73":1,"74":1,"75":1,"76":1,"77":1,"78":1,"79":1,"80":1,"81":1,"82":0,"83":1,"84":1,"85":1,"86":1,"87":43,"88":43,"89":43,"90":43,"91":43,"92":43,"93":43,"94":8,"95":8,"96":8,"97":8,"98":8,"99":8,"100":8,"101":8,"102":43,"103":43,"104":43,"105":43,"106":43,"107":43,"108":43,"109":43,"110":43,"111":43,"112":43,"113":43,"114":5,"115":5,"116":5,"117":5,"118":5,"119":5,"120":5,"121":5,"122":5,"123":5,"124":5,"125":5,"126":43,"127":43,"128":43,"129":36,"130":6,"131":6,"132":12,"133":12,"134":12,"135":12,"136":12,"137":6,"138":43,"139":43,"140":43,"141":43},"branchMap":{"0":{"type":"branch","line":7,"loc":{"start":{"line":7,"column":7},"end":{"line":142,"column":1}},"locations":[{"start":{"line":7,"column":7},"end":{"line":142,"column":1}}]},"1":{"type":"branch","line":15,"loc":{"start":{"line":15,"column":25},"end":{"line":15,"column":43}},"locations":[{"start":{"line":15,"column":25},"end":{"line":15,"column":43}}]},"2":{"type":"branch","line":25,"loc":{"start":{"line":25,"column":6},"end":{"line":25,"column":17}},"locations":[{"start":{"line":25,"column":6},"end":{"line":25,"column":17}}]},"3":{"type":"branch","line":42,"loc":{"start":{"line":42,"column":18},"end":{"line":42,"column":38}},"locations":[{"start":{"line":42,"column":18},"end":{"line":42,"column":38}}]},"4":{"type":"branch","line":42,"loc":{"start":{"line":42,"column":38},"end":{"line":42,"column":49}},"locations":[{"start":{"line":42,"column":38},"end":{"line":42,"column":49}}]},"5":{"type":"branch","line":94,"loc":{"start":{"line":94,"column":11},"end":{"line":94,"column":38}},"locations":[{"start":{"line":94,"column":11},"end":{"line":94,"column":38}}]},"6":{"type":"branch","line":94,"loc":{"start":{"line":94,"column":27},"end":{"line":102,"column":21}},"locations":[{"start":{"line":94,"column":27},"end":{"line":102,"column":21}}]},"7":{"type":"branch","line":101,"loc":{"start":{"line":101,"column":15},"end":{"line":101,"column":32}},"locations":[{"start":{"line":101,"column":15},"end":{"line":101,"column":32}}]},"8":{"type":"branch","line":101,"loc":{"start":{"line":101,"column":24},"end":{"line":101,"column":39}},"locations":[{"start":{"line":101,"column":24},"end":{"line":101,"column":39}}]},"9":{"type":"branch","line":114,"loc":{"start":{"line":114,"column":7},"end":{"line":126,"column":14}},"locations":[{"start":{"line":114,"column":7},"end":{"line":126,"column":14}}]},"10":{"type":"branch","line":129,"loc":{"start":{"line":129,"column":26},"end":{"line":130,"column":43}},"locations":[{"start":{"line":129,"column":26},"end":{"line":130,"column":43}}]},"11":{"type":"branch","line":130,"loc":{"start":{"line":130,"column":39},"end":{"line":138,"column":10}},"locations":[{"start":{"line":130,"column":39},"end":{"line":138,"column":10}}]},"12":{"type":"branch","line":18,"loc":{"start":{"line":18,"column":12},"end":{"line":25,"column":5}},"locations":[{"start":{"line":18,"column":12},"end":{"line":25,"column":5}}]},"13":{"type":"branch","line":19,"loc":{"start":{"line":19,"column":9},"end":{"line":19,"column":32}},"locations":[{"start":{"line":19,"column":9},"end":{"line":19,"column":32}}]},"14":{"type":"branch","line":19,"loc":{"start":{"line":19,"column":32},"end":{"line":24,"column":5}},"locations":[{"start":{"line":19,"column":32},"end":{"line":24,"column":5}}]},"15":{"type":"branch","line":22,"loc":{"start":{"line":22,"column":14},"end":{"line":22,"column":39}},"locations":[{"start":{"line":22,"column":14},"end":{"line":22,"column":39}}]},"16":{"type":"branch","line":28,"loc":{"start":{"line":28,"column":12},"end":{"line":42,"column":5}},"locations":[{"start":{"line":28,"column":12},"end":{"line":42,"column":5}}]},"17":{"type":"branch","line":29,"loc":{"start":{"line":29,"column":9},"end":{"line":29,"column":42}},"locations":[{"start":{"line":29,"column":9},"end":{"line":29,"column":42}}]},"18":{"type":"branch","line":29,"loc":{"start":{"line":29,"column":24},"end":{"line":29,"column":52}},"locations":[{"start":{"line":29,"column":24},"end":{"line":29,"column":52}}]},"19":{"type":"branch","line":29,"loc":{"start":{"line":29,"column":52},"end":{"line":41,"column":35}},"locations":[{"start":{"line":29,"column":52},"end":{"line":41,"column":35}}]},"20":{"type":"branch","line":44,"loc":{"start":{"line":44,"column":21},"end":{"line":47,"column":4}},"locations":[{"start":{"line":44,"column":21},"end":{"line":47,"column":4}}]},"21":{"type":"branch","line":45,"loc":{"start":{"line":45,"column":25},"end":{"line":45,"column":32}},"locations":[{"start":{"line":45,"column":25},"end":{"line":45,"column":32}}]},"22":{"type":"branch","line":49,"loc":{"start":{"line":49,"column":25},"end":{"line":59,"column":4}},"locations":[{"start":{"line":49,"column":25},"end":{"line":59,"column":4}}]},"23":{"type":"branch","line":50,"loc":{"start":{"line":50,"column":21},"end":{"line":50,"column":36}},"locations":[{"start":{"line":50,"column":21},"end":{"line":50,"column":36}}]},"24":{"type":"branch","line":50,"loc":{"start":{"line":50,"column":36},"end":{"line":56,"column":13}},"locations":[{"start":{"line":50,"column":36},"end":{"line":56,"column":13}}]},"25":{"type":"branch","line":56,"loc":{"start":{"line":56,"column":4},"end":{"line":58,"column":5}},"locations":[{"start":{"line":56,"column":4},"end":{"line":58,"column":5}}]},"26":{"type":"branch","line":61,"loc":{"start":{"line":61,"column":24},"end":{"line":87,"column":4}},"locations":[{"start":{"line":61,"column":24},"end":{"line":87,"column":4}}]},"27":{"type":"branch","line":62,"loc":{"start":{"line":62,"column":52},"end":{"line":62,"column":59}},"locations":[{"start":{"line":62,"column":52},"end":{"line":62,"column":59}}]},"28":{"type":"branch","line":63,"loc":{"start":{"line":63,"column":39},"end":{"line":63,"column":46}},"locations":[{"start":{"line":63,"column":39},"end":{"line":63,"column":46}}]},"29":{"type":"branch","line":82,"loc":{"start":{"line":82,"column":4},"end":{"line":84,"column":6}},"locations":[{"start":{"line":82,"column":4},"end":{"line":84,"column":6}}]},"30":{"type":"branch","line":106,"loc":{"start":{"line":106,"column":21},"end":{"line":106,"column":50}},"locations":[{"start":{"line":106,"column":21},"end":{"line":106,"column":50}}]},"31":{"type":"branch","line":106,"loc":{"start":{"line":106,"column":39},"end":{"line":106,"column":48}},"locations":[{"start":{"line":106,"column":39},"end":{"line":106,"column":48}}]},"32":{"type":"branch","line":119,"loc":{"start":{"line":119,"column":22},"end":{"line":119,"column":55}},"locations":[{"start":{"line":119,"column":22},"end":{"line":119,"column":55}}]},"33":{"type":"branch","line":125,"loc":{"start":{"line":125,"column":61},"end":{"line":125,"column":87}},"locations":[{"start":{"line":125,"column":61},"end":{"line":125,"column":87}}]},"34":{"type":"branch","line":132,"loc":{"start":{"line":132,"column":20},"end":{"line":137,"column":16}},"locations":[{"start":{"line":132,"column":20},"end":{"line":137,"column":16}}]},"35":{"type":"branch","line":133,"loc":{"start":{"line":133,"column":53},"end":{"line":133,"column":74}},"locations":[{"start":{"line":133,"column":53},"end":{"line":133,"column":74}}]}},"b":{"0":[43],"1":[26],"2":[26],"3":[26],"4":[26],"5":[26],"6":[8],"7":[2],"8":[6],"9":[5],"10":[36],"11":[6],"12":[14],"13":[8],"14":[2],"15":[2],"16":[16],"17":[8],"18":[8],"19":[8],"20":[2],"21":[0],"22":[2],"23":[1],"24":[1],"25":[0],"26":[1],"27":[0],"28":[0],"29":[0],"30":[4],"31":[4],"32":[1],"33":[1],"34":[12],"35":[2]},"fnMap":{"0":{"name":"TmPanel","decl":{"start":{"line":7,"column":7},"end":{"line":142,"column":1}},"loc":{"start":{"line":7,"column":7},"end":{"line":142,"column":1}},"line":7},"1":{"name":"applyMatch","decl":{"start":{"line":44,"column":21},"end":{"line":47,"column":4}},"loc":{"start":{"line":44,"column":21},"end":{"line":47,"column":4}},"line":44},"2":{"name":"handleCreateTm","decl":{"start":{"line":49,"column":25},"end":{"line":59,"column":4}},"loc":{"start":{"line":49,"column":25},"end":{"line":59,"column":4}},"line":49},"3":{"name":"handleAddToTm","decl":{"start":{"line":61,"column":24},"end":{"line":87,"column":4}},"loc":{"start":{"line":61,"column":24},"end":{"line":87,"column":4}},"line":61},"4":{"name":"onClick","decl":{"start":{"line":106,"column":21},"end":{"line":106,"column":50}},"loc":{"start":{"line":106,"column":21},"end":{"line":106,"column":50}},"line":106},"5":{"name":"onChange","decl":{"start":{"line":119,"column":22},"end":{"line":119,"column":55}},"loc":{"start":{"line":119,"column":22},"end":{"line":119,"column":55}},"line":119},"6":{"name":"onKeyDown","decl":{"start":{"line":121,"column":23},"end":{"line":121,"column":68}},"loc":{"start":{"line":121,"column":23},"end":{"line":121,"column":68}},"line":121},"7":{"name":"onClick","decl":{"start":{"line":125,"column":61},"end":{"line":125,"column":87}},"loc":{"start":{"line":125,"column":61},"end":{"line":125,"column":87}},"line":125},"8":{"name":"onClick","decl":{"start":{"line":133,"column":53},"end":{"line":133,"column":74}},"loc":{"start":{"line":133,"column":53},"end":{"line":133,"column":74}},"line":133}},"f":{"0":43,"1":2,"2":2,"3":1,"4":4,"5":1,"6":0,"7":1,"8":2}}
,"/Users/jaekyungcho/memoq-clone/src/stores/projectStore.ts": {"path":"/Users/jaekyungcho/memoq-clone/src/stores/projectStore.ts","all":false,"statementMap":{"0":{"start":{"line":1,"column":0},"end":{"line":1,"column":33}},"1":{"start":{"line":2,"column":0},"end":{"line":2,"column":49}},"2":{"start":{"line":3,"column":0},"end":{"line":3,"column":0}},"3":{"start":{"line":4,"column":0},"end":{"line":4,"column":24}},"4":{"start":{"line":5,"column":0},"end":{"line":5,"column":26}},"5":{"start":{"line":6,"column":0},"end":{"line":6,"column":30}},"6":{"start":{"line":7,"column":0},"end":{"line":7,"column":41}},"7":{"start":{"line":8,"column":0},"end":{"line":8,"column":27}},"8":{"start":{"line":9,"column":0},"end":{"line":9,"column":65}},"9":{"start":{"line":10,"column":0},"end":{"line":10,"column":50}},"10":{"start":{"line":11,"column":0},"end":{"line":11,"column":1}},"11":{"start":{"line":12,"column":0},"end":{"line":12,"column":0}},"12":{"start":{"line":13,"column":0},"end":{"line":13,"column":63}},"13":{"start":{"line":14,"column":0},"end":{"line":14,"column":16}},"14":{"start":{"line":15,"column":0},"end":{"line":15,"column":25}},"15":{"start":{"line":16,"column":0},"end":{"line":16,"column":68}},"16":{"start":{"line":17,"column":0},"end":{"line":17,"column":69}},"17":{"start":{"line":18,"column":0},"end":{"line":18,"column":33}},"18":{"start":{"line":19,"column":0},"end":{"line":19,"column":21}},"19":{"start":{"line":20,"column":0},"end":{"line":20,"column":28}},"20":{"start":{"line":21,"column":0},"end":{"line":21,"column":11}},"21":{"start":{"line":22,"column":0},"end":{"line":22,"column":29}},"22":{"start":{"line":23,"column":0},"end":{"line":23,"column":55}},"23":{"start":{"line":24,"column":0},"end":{"line":24,"column":52}},"24":{"start":{"line":25,"column":0},"end":{"line":25,"column":14}},"25":{"start":{"line":26,"column":0},"end":{"line":26,"column":11}},"26":{"start":{"line":27,"column":0},"end":{"line":27,"column":15}},"27":{"start":{"line":28,"column":0},"end":{"line":28,"column":8}},"28":{"start":{"line":29,"column":0},"end":{"line":29,"column":73}},"29":{"start":{"line":30,"column":0},"end":{"line":30,"column":4}}},"s":{"0":2,"1":2,"2":2,"3":2,"4":2,"5":2,"6":2,"7":2,"8":2,"9":2,"10":2,"11":2,"12":2,"13":4,"14":4,"15":4,"16":4,"17":4,"18":14,"19":14,"20":13,"21":13,"22":13,"23":29,"24":13,"25":13,"26":1,"27":14,"28":4,"29":2},"branchMap":{"0":{"type":"branch","line":13,"loc":{"start":{"line":13,"column":52},"end":{"line":30,"column":2}},"locations":[{"start":{"line":13,"column":52},"end":{"line":30,"column":2}}]},"1":{"type":"branch","line":18,"loc":{"start":{"line":18,"column":17},"end":{"line":28,"column":8}},"locations":[{"start":{"line":18,"column":17},"end":{"line":28,"column":8}}]},"2":{"type":"branch","line":19,"loc":{"start":{"line":19,"column":8},"end":{"line":28,"column":6}},"locations":[{"start":{"line":19,"column":8},"end":{"line":28,"column":6}}]},"3":{"type":"branch","line":26,"loc":{"start":{"line":26,"column":10},"end":{"line":27,"column":15}},"locations":[{"start":{"line":26,"column":10},"end":{"line":27,"column":15}}]},"4":{"type":"branch","line":23,"loc":{"start":{"line":23,"column":49},"end":{"line":24,"column":52}},"locations":[{"start":{"line":23,"column":49},"end":{"line":24,"column":52}}]},"5":{"type":"branch","line":24,"loc":{"start":{"line":24,"column":47},"end":{"line":24,"column":52}},"locations":[{"start":{"line":24,"column":47},"end":{"line":24,"column":52}}]},"6":{"type":"branch","line":16,"loc":{"start":{"line":16,"column":14},"end":{"line":16,"column":68}},"locations":[{"start":{"line":16,"column":14},"end":{"line":16,"column":68}}]},"7":{"type":"branch","line":17,"loc":{"start":{"line":17,"column":16},"end":{"line":17,"column":69}},"locations":[{"start":{"line":17,"column":16},"end":{"line":17,"column":69}}]},"8":{"type":"branch","line":20,"loc":{"start":{"line":20,"column":21},"end":{"line":26,"column":11}},"locations":[{"start":{"line":20,"column":21},"end":{"line":26,"column":11}}]},"9":{"type":"branch","line":24,"loc":{"start":{"line":24,"column":23},"end":{"line":24,"column":51}},"locations":[{"start":{"line":24,"column":23},"end":{"line":24,"column":51}}]},"10":{"type":"branch","line":29,"loc":{"start":{"line":29,"column":26},"end":{"line":29,"column":73}},"locations":[{"start":{"line":29,"column":26},"end":{"line":29,"column":73}}]}},"b":{"0":[4],"1":[14],"2":[14],"3":[1],"4":[29],"5":[16],"6":[14],"7":[3],"8":[13],"9":[13],"10":[4]},"fnMap":{"0":{"name":"setProject","decl":{"start":{"line":16,"column":14},"end":{"line":16,"column":68}},"loc":{"start":{"line":16,"column":14},"end":{"line":16,"column":68}},"line":16},"1":{"name":"closeProject","decl":{"start":{"line":17,"column":16},"end":{"line":17,"column":69}},"loc":{"start":{"line":17,"column":16},"end":{"line":17,"column":69}},"line":17},"2":{"name":"updateSegment","decl":{"start":{"line":18,"column":17},"end":{"line":28,"column":8}},"loc":{"start":{"line":18,"column":17},"end":{"line":28,"column":8}},"line":18},"3":{"name":"setCurrentSegmentIndex","decl":{"start":{"line":29,"column":26},"end":{"line":29,"column":73}},"loc":{"start":{"line":29,"column":26},"end":{"line":29,"column":73}},"line":29}},"f":{"0":12,"1":1,"2":14,"3":2}}
,"/Users/jaekyungcho/memoq-clone/src/stores/tbStore.ts": {"path":"/Users/jaekyungcho/memoq-clone/src/stores/tbStore.ts","all":false,"statementMap":{"0":{"start":{"line":1,"column":0},"end":{"line":1,"column":33}},"1":{"start":{"line":2,"column":0},"end":{"line":2,"column":0}},"2":{"start":{"line":3,"column":0},"end":{"line":3,"column":19}},"3":{"start":{"line":4,"column":0},"end":{"line":4,"column":28}},"4":{"start":{"line":5,"column":0},"end":{"line":5,"column":45}},"5":{"start":{"line":6,"column":0},"end":{"line":6,"column":1}},"6":{"start":{"line":7,"column":0},"end":{"line":7,"column":0}},"7":{"start":{"line":8,"column":0},"end":{"line":8,"column":53}},"8":{"start":{"line":9,"column":0},"end":{"line":9,"column":19}},"9":{"start":{"line":10,"column":0},"end":{"line":10,"column":49}},"10":{"start":{"line":11,"column":0},"end":{"line":11,"column":4}}},"s":{"0":1,"1":1,"2":1,"3":1,"4":1,"5":1,"6":1,"7":1,"8":1,"9":1,"10":1},"branchMap":{"0":{"type":"branch","line":8,"loc":{"start":{"line":8,"column":42},"end":{"line":11,"column":2}},"locations":[{"start":{"line":8,"column":42},"end":{"line":11,"column":2}}]},"1":{"type":"branch","line":10,"loc":{"start":{"line":10,"column":17},"end":{"line":10,"column":49}},"locations":[{"start":{"line":10,"column":17},"end":{"line":10,"column":49}}]}},"b":{"0":[1],"1":[3]},"fnMap":{"0":{"name":"setActiveTbId","decl":{"start":{"line":10,"column":17},"end":{"line":10,"column":49}},"loc":{"start":{"line":10,"column":17},"end":{"line":10,"column":49}},"line":10}},"f":{"0":3}}
,"/Users/jaekyungcho/memoq-clone/src/stores/tmStore.ts": {"path":"/Users/jaekyungcho/memoq-clone/src/stores/tmStore.ts","all":false,"statementMap":{"0":{"start":{"line":1,"column":0},"end":{"line":1,"column":33}},"1":{"start":{"line":2,"column":0},"end":{"line":2,"column":0}},"2":{"start":{"line":3,"column":0},"end":{"line":3,"column":19}},"3":{"start":{"line":4,"column":0},"end":{"line":4,"column":28}},"4":{"start":{"line":5,"column":0},"end":{"line":5,"column":45}},"5":{"start":{"line":6,"column":0},"end":{"line":6,"column":1}},"6":{"start":{"line":7,"column":0},"end":{"line":7,"column":0}},"7":{"start":{"line":8,"column":0},"end":{"line":8,"column":53}},"8":{"start":{"line":9,"column":0},"end":{"line":9,"column":19}},"9":{"start":{"line":10,"column":0},"end":{"line":10,"column":49}},"10":{"start":{"line":11,"column":0},"end":{"line":11,"column":4}}},"s":{"0":1,"1":1,"2":1,"3":1,"4":1,"5":1,"6":1,"7":1,"8":1,"9":1,"10":1},"branchMap":{"0":{"type":"branch","line":8,"loc":{"start":{"line":8,"column":42},"end":{"line":11,"column":2}},"locations":[{"start":{"line":8,"column":42},"end":{"line":11,"column":2}}]},"1":{"type":"branch","line":10,"loc":{"start":{"line":10,"column":17},"end":{"line":10,"column":49}},"locations":[{"start":{"line":10,"column":17},"end":{"line":10,"column":49}}]}},"b":{"0":[1],"1":[3]},"fnMap":{"0":{"name":"setActiveTmId","decl":{"start":{"line":10,"column":17},"end":{"line":10,"column":49}},"loc":{"start":{"line":10,"column":17},"end":{"line":10,"column":49}},"line":10}},"f":{"0":3}}
,"/Users/jaekyungcho/memoq-clone/src/tauri/commands.ts": {"path":"/Users/jaekyungcho/memoq-clone/src/tauri/commands.ts","all":false,"statementMap":{"0":{"start":{"line":1,"column":0},"end":{"line":1,"column":46}},"1":{"start":{"line":2,"column":0},"end":{"line":2,"column":108}},"2":{"start":{"line":3,"column":0},"end":{"line":3,"column":0}},"3":{"start":{"line":4,"column":0},"end":{"line":4,"column":65}},"4":{"start":{"line":5,"column":0},"end":{"line":5,"column":49}},"5":{"start":{"line":6,"column":0},"end":{"line":6,"column":1}},"6":{"start":{"line":7,"column":0},"end":{"line":7,"column":0}},"7":{"start":{"line":8,"column":0},"end":{"line":8,"column":3}},"8":{"start":{"line":9,"column":0},"end":{"line":9,"column":58}},"9":{"start":{"line":10,"column":0},"end":{"line":10,"column":74}},"10":{"start":{"line":11,"column":0},"end":{"line":11,"column":3}},"11":{"start":{"line":12,"column":0},"end":{"line":12,"column":33}},"12":{"start":{"line":13,"column":0},"end":{"line":13,"column":22}},"13":{"start":{"line":14,"column":0},"end":{"line":14,"column":21}},"14":{"start":{"line":15,"column":0},"end":{"line":15,"column":21}},"15":{"start":{"line":16,"column":0},"end":{"line":16,"column":18}},"16":{"start":{"line":17,"column":0},"end":{"line":17,"column":69}},"17":{"start":{"line":18,"column":0},"end":{"line":18,"column":1}},"18":{"start":{"line":19,"column":0},"end":{"line":19,"column":0}},"19":{"start":{"line":20,"column":0},"end":{"line":20,"column":34}},"20":{"start":{"line":21,"column":0},"end":{"line":21,"column":20}},"21":{"start":{"line":22,"column":0},"end":{"line":22,"column":20}},"22":{"start":{"line":23,"column":0},"end":{"line":23,"column":17}},"23":{"start":{"line":24,"column":0},"end":{"line":24,"column":17}},"24":{"start":{"line":25,"column":0},"end":{"line":25,"column":17}},"25":{"start":{"line":26,"column":0},"end":{"line":26,"column":16}},"26":{"start":{"line":27,"column":0},"end":{"line":27,"column":21}},"27":{"start":{"line":28,"column":0},"end":{"line":28,"column":98}},"28":{"start":{"line":29,"column":0},"end":{"line":29,"column":1}},"29":{"start":{"line":30,"column":0},"end":{"line":30,"column":0}},"30":{"start":{"line":31,"column":0},"end":{"line":31,"column":103}},"31":{"start":{"line":32,"column":0},"end":{"line":32,"column":71}},"32":{"start":{"line":33,"column":0},"end":{"line":33,"column":1}},"33":{"start":{"line":34,"column":0},"end":{"line":34,"column":0}},"34":{"start":{"line":35,"column":0},"end":{"line":35,"column":30}},"35":{"start":{"line":36,"column":0},"end":{"line":36,"column":15}},"36":{"start":{"line":37,"column":0},"end":{"line":37,"column":17}},"37":{"start":{"line":38,"column":0},"end":{"line":38,"column":17}},"38":{"start":{"line":39,"column":0},"end":{"line":39,"column":21}},"39":{"start":{"line":40,"column":0},"end":{"line":40,"column":21}},"40":{"start":{"line":41,"column":0},"end":{"line":41,"column":21}},"41":{"start":{"line":42,"column":0},"end":{"line":42,"column":85}},"42":{"start":{"line":43,"column":0},"end":{"line":43,"column":1}},"43":{"start":{"line":44,"column":0},"end":{"line":44,"column":0}},"44":{"start":{"line":45,"column":0},"end":{"line":45,"column":76}},"45":{"start":{"line":46,"column":0},"end":{"line":46,"column":86}},"46":{"start":{"line":47,"column":0},"end":{"line":47,"column":1}},"47":{"start":{"line":48,"column":0},"end":{"line":48,"column":0}},"48":{"start":{"line":49,"column":0},"end":{"line":49,"column":63}},"49":{"start":{"line":50,"column":0},"end":{"line":50,"column":47}},"50":{"start":{"line":51,"column":0},"end":{"line":51,"column":1}},"51":{"start":{"line":52,"column":0},"end":{"line":52,"column":0}},"52":{"start":{"line":53,"column":0},"end":{"line":53,"column":76}},"53":{"start":{"line":54,"column":0},"end":{"line":54,"column":86}},"54":{"start":{"line":55,"column":0},"end":{"line":55,"column":1}},"55":{"start":{"line":56,"column":0},"end":{"line":56,"column":0}},"56":{"start":{"line":57,"column":0},"end":{"line":57,"column":30}},"57":{"start":{"line":58,"column":0},"end":{"line":58,"column":15}},"58":{"start":{"line":59,"column":0},"end":{"line":59,"column":21}},"59":{"start":{"line":60,"column":0},"end":{"line":60,"column":21}},"60":{"start":{"line":61,"column":0},"end":{"line":61,"column":21}},"61":{"start":{"line":62,"column":0},"end":{"line":62,"column":21}},"62":{"start":{"line":63,"column":0},"end":{"line":63,"column":16}},"63":{"start":{"line":64,"column":0},"end":{"line":64,"column":21}},"64":{"start":{"line":65,"column":0},"end":{"line":65,"column":21}},"65":{"start":{"line":66,"column":0},"end":{"line":66,"column":111}},"66":{"start":{"line":67,"column":0},"end":{"line":67,"column":1}}},"s":{"0":1,"1":1,"2":1,"3":4,"4":4,"5":4,"6":1,"7":1,"8":1,"9":1,"10":1,"11":2,"12":2,"13":2,"14":2,"15":2,"16":2,"17":2,"18":1,"19":2,"20":2,"21":2,"22":2,"23":2,"24":2,"25":2,"26":2,"27":2,"28":2,"29":1,"30":1,"31":1,"32":1,"33":1,"34":2,"35":2,"36":2,"37":2,"38":2,"39":2,"40":2,"41":2,"42":2,"43":1,"44":5,"45":5,"46":5,"47":1,"48":1,"49":1,"50":1,"51":1,"52":5,"53":5,"54":5,"55":1,"56":2,"57":2,"58":2,"59":2,"60":2,"61":2,"62":2,"63":2,"64":2,"65":2,"66":2},"branchMap":{"0":{"type":"branch","line":4,"loc":{"start":{"line":4,"column":0},"end":{"line":6,"column":1}},"locations":[{"start":{"line":4,"column":0},"end":{"line":6,"column":1}}]},"1":{"type":"branch","line":12,"loc":{"start":{"line":12,"column":0},"end":{"line":18,"column":1}},"locations":[{"start":{"line":12,"column":0},"end":{"line":18,"column":1}}]},"2":{"type":"branch","line":20,"loc":{"start":{"line":20,"column":0},"end":{"line":29,"column":1}},"locations":[{"start":{"line":20,"column":0},"end":{"line":29,"column":1}}]},"3":{"type":"branch","line":31,"loc":{"start":{"line":31,"column":0},"end":{"line":33,"column":1}},"locations":[{"start":{"line":31,"column":0},"end":{"line":33,"column":1}}]},"4":{"type":"branch","line":35,"loc":{"start":{"line":35,"column":0},"end":{"line":43,"column":1}},"locations":[{"start":{"line":35,"column":0},"end":{"line":43,"column":1}}]},"5":{"type":"branch","line":45,"loc":{"start":{"line":45,"column":0},"end":{"line":47,"column":1}},"locations":[{"start":{"line":45,"column":0},"end":{"line":47,"column":1}}]},"6":{"type":"branch","line":49,"loc":{"start":{"line":49,"column":0},"end":{"line":51,"column":1}},"locations":[{"start":{"line":49,"column":0},"end":{"line":51,"column":1}}]},"7":{"type":"branch","line":53,"loc":{"start":{"line":53,"column":0},"end":{"line":55,"column":1}},"locations":[{"start":{"line":53,"column":0},"end":{"line":55,"column":1}}]},"8":{"type":"branch","line":57,"loc":{"start":{"line":57,"column":0},"end":{"line":67,"column":1}},"locations":[{"start":{"line":57,"column":0},"end":{"line":67,"column":1}}]}},"b":{"0":[4],"1":[2],"2":[2],"3":[1],"4":[2],"5":[5],"6":[1],"7":[5],"8":[2]},"fnMap":{"0":{"name":"parseFile","decl":{"start":{"line":4,"column":0},"end":{"line":6,"column":1}},"loc":{"start":{"line":4,"column":0},"end":{"line":6,"column":1}},"line":4},"1":{"name":"exportFile","decl":{"start":{"line":12,"column":0},"end":{"line":18,"column":1}},"loc":{"start":{"line":12,"column":0},"end":{"line":18,"column":1}},"line":12},"2":{"name":"saveSegment","decl":{"start":{"line":20,"column":0},"end":{"line":29,"column":1}},"loc":{"start":{"line":20,"column":0},"end":{"line":29,"column":1}},"line":20},"3":{"name":"createTm","decl":{"start":{"line":31,"column":0},"end":{"line":33,"column":1}},"loc":{"start":{"line":31,"column":0},"end":{"line":33,"column":1}},"line":31},"4":{"name":"addToTm","decl":{"start":{"line":35,"column":0},"end":{"line":43,"column":1}},"loc":{"start":{"line":35,"column":0},"end":{"line":43,"column":1}},"line":35},"5":{"name":"searchTm","decl":{"start":{"line":45,"column":0},"end":{"line":47,"column":1}},"loc":{"start":{"line":45,"column":0},"end":{"line":47,"column":1}},"line":45},"6":{"name":"createTb","decl":{"start":{"line":49,"column":0},"end":{"line":51,"column":1}},"loc":{"start":{"line":49,"column":0},"end":{"line":51,"column":1}},"line":49},"7":{"name":"lookupTb","decl":{"start":{"line":53,"column":0},"end":{"line":55,"column":1}},"loc":{"start":{"line":53,"column":0},"end":{"line":55,"column":1}},"line":53},"8":{"name":"addToTb","decl":{"start":{"line":57,"column":0},"end":{"line":67,"column":1}},"loc":{"start":{"line":57,"column":0},"end":{"line":67,"column":1}},"line":57}},"f":{"0":4,"1":2,"2":2,"3":1,"4":2,"5":5,"6":1,"7":5,"8":2}}
}
